[+] Containers:
 |- [+] Container: /Game/TopDown/Maps/TopDownMap
 |   |- [+] ActorDescs:
 |   |   |- Guid:147C8D134B12D635012D5F8C57D2C96F BaseClass: NativeClass:/Script/Engine.PostProcessVolume Name:PostProcessVolume_1 Label:PostProcessVolume SpatiallyLoaded:0 Bounds:IsValid=true, Min=(X=0.000 Y=0.000 Z=400.000), Max=(X=200.000 Y=200.000 Z=600.000) RuntimeGrid:None EditorOnly:0 RuntimeOnly:0 HLODRelevant:0 ListedInSceneOutliner:1 IsMainWorldOnly:0 FolderPath:Lighting FolderGuid:4C9334684BA61B42C769F799D2576455
 |   |   |- Guid:1742DF43475F097453197AA79C7473D9 BaseClass: NativeClass:/Script/Engine.SkyLight Name:SkyLight_1 Label:SkyLight SpatiallyLoaded:0 Bounds:IsValid=true, Min=(X=0.000 Y=0.000 Z=690.000), Max=(X=0.000 Y=0.000 Z=690.000) RuntimeGrid:None EditorOnly:0 RuntimeOnly:0 HLODRelevant:0 ListedInSceneOutliner:1 IsMainWorldOnly:0 FolderPath:Lighting FolderGuid:4C9334684BA61B42C769F799D2576455
 |   |   |- Guid:1FEC8FAC495CEF0CE32492ADCBB96BAE BaseClass: NativeClass:/Script/AIModule.NavLinkProxy Name:NavLinkProxy_3 Label:NavLinkProxy3 SpatiallyLoaded:1 Bounds:IsValid=true, Min=(X=2240.000 Y=1030.000 Z=90.000), Max=(X=2240.000 Y=1030.000 Z=90.000) RuntimeGrid:None EditorOnly:0 RuntimeOnly:0 HLODRelevant:0 ListedInSceneOutliner:1 IsMainWorldOnly:0 FolderPath:Navigation FolderGuid:AE45D61F453CC144CF8289862C276E89
 |   |   |- Guid:2DF0D95440BE0EDA81652F860DC7268E BaseClass: NativeClass:/Script/Engine.WorldDataLayers Name:WorldDataLayers Label:WorldDataLayers SpatiallyLoaded:0 Bounds:IsValid=true, Min=(X=0.000 Y=0.000 Z=0.000), Max=(X=0.000 Y=0.000 Z=0.000) RuntimeGrid:None EditorOnly:0 RuntimeOnly:0 HLODRelevant:0 ListedInSceneOutliner:1 IsMainWorldOnly:1
 |   |   |- Guid:3693109043EC8126615A7F921773B524 BaseClass:/Game/Blueprints/Arbre_Buisson.Arbre_Buisson_C NativeClass:/Script/Engine.Actor Name:Arbre_Buisson_C_UAID_2CF05D3BC442ED0002_1253393211 Label:Arbre_Buisson SpatiallyLoaded:1 Bounds:IsValid=true, Min=(X=250.000 Y=-30.000 Z=230.000), Max=(X=250.000 Y=-30.000 Z=230.000) RuntimeGrid:None EditorOnly:0 RuntimeOnly:0 HLODRelevant:0 ListedInSceneOutliner:1 IsMainWorldOnly:0
 |   |   |- Guid:6252C7D64ACF162A73EE65B11FE214D1 BaseClass: NativeClass:/Script/Engine.SkyAtmosphere Name:SkyAtmosphere_1 Label:SkyAtmosphere SpatiallyLoaded:0 Bounds:IsValid=true, Min=(X=0.000 Y=0.000 Z=1020.000), Max=(X=0.000 Y=0.000 Z=1020.000) RuntimeGrid:None EditorOnly:0 RuntimeOnly:0 HLODRelevant:0 ListedInSceneOutliner:1 IsMainWorldOnly:0 FolderPath:Lighting FolderGuid:4C9334684BA61B42C769F799D2576455
 |   |   |- Guid:66BCBF874D2A22ADC6523B95EE812CA3 BaseClass: NativeClass:/Script/Engine.StaticMeshActor Name:StaticMeshActor_UAID_A4AE111137DC5CFB00_1660657071 Label:SM_SkySphere SpatiallyLoaded:0 Bounds:IsValid=true, Min=(X=-1638400.000 Y=-1638400.000 Z=-1638400.000), Max=(X=1638400.000 Y=1638400.000 Z=1638400.000) RuntimeGrid:None EditorOnly:0 RuntimeOnly:0 HLODRelevant:1 ListedInSceneOutliner:1 IsMainWorldOnly:0 FolderPath:Lighting FolderGuid:4C9334684BA61B42C769F799D2576455
 |   |   |- Guid:77F893B3468595EE782136AD620D7EF4 BaseClass: NativeClass:/Script/Engine.VolumetricCloud Name:VolumetricCloud_0 Label:VolumetricCloud SpatiallyLoaded:0 Bounds:IsValid=true, Min=(X=0.000 Y=0.000 Z=820.000), Max=(X=0.000 Y=0.000 Z=820.000) RuntimeGrid:None EditorOnly:0 RuntimeOnly:0 HLODRelevant:0 ListedInSceneOutliner:1 IsMainWorldOnly:0 FolderPath:Lighting FolderGuid:4C9334684BA61B42C769F799D2576455
 |   |   |- Guid:AECEEEE741E6DE68F6843FA49564A956 BaseClass: NativeClass:/Script/Engine.DirectionalLight Name:DirectionalLight_1 Label:DirectionalLight SpatiallyLoaded:0 Bounds:IsValid=true, Min=(X=-1048576.000 Y=-1048576.000 Z=-1048576.000), Max=(X=1048576.000 Y=1048576.000 Z=1048576.000) RuntimeGrid:None EditorOnly:0 RuntimeOnly:0 HLODRelevant:0 ListedInSceneOutliner:1 IsMainWorldOnly:0 FolderPath:Lighting FolderGuid:4C9334684BA61B42C769F799D2576455
 |   |   |- Guid:B608FF7A4A2A2E0028A07ABFC71023A7 BaseClass:/Game/FbxScene_Foret_Low_Poly_Unreal.FbxScene_Foret_Low_Poly_Unreal_C NativeClass:/Script/Engine.Actor Name:FbxScene_Foret_Low_Poly_Unreal_C_UAID_2CF05D3BC442E60002_1160979976 Label:FbxScene_Foret_Low_Poly_Unreal SpatiallyLoaded:1 Bounds:IsValid=true, Min=(X=-320.287 Y=-347.370 Z=-1.357), Max=(X=360.133 Y=344.333 Z=275.347) RuntimeGrid:None EditorOnly:0 RuntimeOnly:0 HLODRelevant:1 ListedInSceneOutliner:1 IsMainWorldOnly:0
 |   |   |- Guid:CCDD89584E0A9025F52AEDA51D60CA54 BaseClass: NativeClass:/Script/NavigationSystem.NavMeshBoundsVolume Name:NavMeshBoundsVolume_1 Label:NavMeshBoundsVolume SpatiallyLoaded:0 Bounds:IsValid=true, Min=(X=-100.000 Y=-100.000 Z=-110.000), Max=(X=3100.000 Y=3600.000 Z=390.000) RuntimeGrid:None EditorOnly:0 RuntimeOnly:0 HLODRelevant:0 ListedInSceneOutliner:1 IsMainWorldOnly:0 FolderPath:Navigation FolderGuid:AE45D61F453CC144CF8289862C276E89
 |   |   |- Guid:D24D61B944EF71BE7BC469B7EB239299 BaseClass: NativeClass:/Script/Engine.ExponentialHeightFog Name:ExponentialHeightFog_1 Label:ExponentialHeightFog SpatiallyLoaded:0 Bounds:IsValid=true, Min=(X=-5600.000 Y=-50.000 Z=-6850.000), Max=(X=-5600.000 Y=-50.000 Z=-6850.000) RuntimeGrid:None EditorOnly:0 RuntimeOnly:0 HLODRelevant:0 ListedInSceneOutliner:1 IsMainWorldOnly:0 FolderPath:Lighting FolderGuid:4C9334684BA61B42C769F799D2576455
 |   |   |- Guid:E4951115430027A6F67E41BFE625D031 BaseClass:/Game/FbxScene_Arbre_01_Foret_Low_Poly_Unreal.FbxScene_Arbre_01_Foret_Low_Poly_Unreal_C NativeClass:/Script/Engine.Actor Name:FbxScene_Arbre_01_Foret_Low_Poly_Unreal_C_UAID_2CF05D3BC442E60002_1467746978 Label:FbxScene_Arbre_01_Foret_Low_Poly_Unreal SpatiallyLoaded:1 Bounds:IsValid=true, Min=(X=138.150 Y=252.586 Z=236.621), Max=(X=275.192 Y=387.061 Z=342.919) RuntimeGrid:None EditorOnly:0 RuntimeOnly:0 HLODRelevant:1 ListedInSceneOutliner:1 IsMainWorldOnly:0
 |   |   |- Guid:ED702DEB4F4A6D94A5DB4F9C337C2079 BaseClass: NativeClass:/Script/Engine.TextRenderActor Name:TextRenderActor_0 Label:TextRenderActor SpatiallyLoaded:1 Bounds:IsValid=true, Min=(X=-0.100 Y=1100.000 Z=65.013), Max=(X=-0.100 Y=2225.000 Z=215.013) RuntimeGrid:None EditorOnly:0 RuntimeOnly:0 HLODRelevant:0 ListedInSceneOutliner:1 IsMainWorldOnly:0
 |   |   |- Guid:F33CC5014C49925B3A9D52A063AF483F BaseClass: NativeClass:/Script/Engine.PlayerStart Name:PlayerStart_0 Label:PlayerStart SpatiallyLoaded:0 Bounds:IsValid=true, Min=(X=143.000 Y=43.000 Z=221.000), Max=(X=223.000 Y=123.000 Z=405.000) RuntimeGrid:None EditorOnly:0 RuntimeOnly:0 HLODRelevant:0 ListedInSceneOutliner:1 IsMainWorldOnly:0
 |   |- [+] Clusters:
 |   |   |- [+] [  0]
 |   |   |   |- Guid:147C8D134B12D635012D5F8C57D2C96F BaseClass: NativeClass:/Script/Engine.PostProcessVolume Name:PostProcessVolume_1 Label:PostProcessVolume SpatiallyLoaded:0 Bounds:IsValid=true, Min=(X=0.000 Y=0.000 Z=400.000), Max=(X=200.000 Y=200.000 Z=600.000) RuntimeGrid:None EditorOnly:0 RuntimeOnly:0 HLODRelevant:0 ListedInSceneOutliner:1 IsMainWorldOnly:0 FolderPath:Lighting FolderGuid:4C9334684BA61B42C769F799D2576455
 |   |   |- [+] [  1]
 |   |   |   |- Guid:1742DF43475F097453197AA79C7473D9 BaseClass: NativeClass:/Script/Engine.SkyLight Name:SkyLight_1 Label:SkyLight SpatiallyLoaded:0 Bounds:IsValid=true, Min=(X=0.000 Y=0.000 Z=690.000), Max=(X=0.000 Y=0.000 Z=690.000) RuntimeGrid:None EditorOnly:0 RuntimeOnly:0 HLODRelevant:0 ListedInSceneOutliner:1 IsMainWorldOnly:0 FolderPath:Lighting FolderGuid:4C9334684BA61B42C769F799D2576455
 |   |   |- [+] [  2]
 |   |   |   |- Guid:1FEC8FAC495CEF0CE32492ADCBB96BAE BaseClass: NativeClass:/Script/AIModule.NavLinkProxy Name:NavLinkProxy_3 Label:NavLinkProxy3 SpatiallyLoaded:1 Bounds:IsValid=true, Min=(X=2240.000 Y=1030.000 Z=90.000), Max=(X=2240.000 Y=1030.000 Z=90.000) RuntimeGrid:None EditorOnly:0 RuntimeOnly:0 HLODRelevant:0 ListedInSceneOutliner:1 IsMainWorldOnly:0 FolderPath:Navigation FolderGuid:AE45D61F453CC144CF8289862C276E89
 |   |   |- [+] [  3]
 |   |   |   |- Guid:2DF0D95440BE0EDA81652F860DC7268E BaseClass: NativeClass:/Script/Engine.WorldDataLayers Name:WorldDataLayers Label:WorldDataLayers SpatiallyLoaded:0 Bounds:IsValid=true, Min=(X=0.000 Y=0.000 Z=0.000), Max=(X=0.000 Y=0.000 Z=0.000) RuntimeGrid:None EditorOnly:0 RuntimeOnly:0 HLODRelevant:0 ListedInSceneOutliner:1 IsMainWorldOnly:1
 |   |   |- [+] [  4]
 |   |   |   |- Guid:3693109043EC8126615A7F921773B524 BaseClass:/Game/Blueprints/Arbre_Buisson.Arbre_Buisson_C NativeClass:/Script/Engine.Actor Name:Arbre_Buisson_C_UAID_2CF05D3BC442ED0002_1253393211 Label:Arbre_Buisson SpatiallyLoaded:1 Bounds:IsValid=true, Min=(X=250.000 Y=-30.000 Z=230.000), Max=(X=250.000 Y=-30.000 Z=230.000) RuntimeGrid:None EditorOnly:0 RuntimeOnly:0 HLODRelevant:0 ListedInSceneOutliner:1 IsMainWorldOnly:0
 |   |   |- [+] [  5]
 |   |   |   |- Guid:6252C7D64ACF162A73EE65B11FE214D1 BaseClass: NativeClass:/Script/Engine.SkyAtmosphere Name:SkyAtmosphere_1 Label:SkyAtmosphere SpatiallyLoaded:0 Bounds:IsValid=true, Min=(X=0.000 Y=0.000 Z=1020.000), Max=(X=0.000 Y=0.000 Z=1020.000) RuntimeGrid:None EditorOnly:0 RuntimeOnly:0 HLODRelevant:0 ListedInSceneOutliner:1 IsMainWorldOnly:0 FolderPath:Lighting FolderGuid:4C9334684BA61B42C769F799D2576455
 |   |   |- [+] [  6]
 |   |   |   |- Guid:66BCBF874D2A22ADC6523B95EE812CA3 BaseClass: NativeClass:/Script/Engine.StaticMeshActor Name:StaticMeshActor_UAID_A4AE111137DC5CFB00_1660657071 Label:SM_SkySphere SpatiallyLoaded:0 Bounds:IsValid=true, Min=(X=-1638400.000 Y=-1638400.000 Z=-1638400.000), Max=(X=1638400.000 Y=1638400.000 Z=1638400.000) RuntimeGrid:None EditorOnly:0 RuntimeOnly:0 HLODRelevant:1 ListedInSceneOutliner:1 IsMainWorldOnly:0 FolderPath:Lighting FolderGuid:4C9334684BA61B42C769F799D2576455
 |   |   |- [+] [  7]
 |   |   |   |- Guid:77F893B3468595EE782136AD620D7EF4 BaseClass: NativeClass:/Script/Engine.VolumetricCloud Name:VolumetricCloud_0 Label:VolumetricCloud SpatiallyLoaded:0 Bounds:IsValid=true, Min=(X=0.000 Y=0.000 Z=820.000), Max=(X=0.000 Y=0.000 Z=820.000) RuntimeGrid:None EditorOnly:0 RuntimeOnly:0 HLODRelevant:0 ListedInSceneOutliner:1 IsMainWorldOnly:0 FolderPath:Lighting FolderGuid:4C9334684BA61B42C769F799D2576455
 |   |   |- [+] [  8]
 |   |   |   |- Guid:AECEEEE741E6DE68F6843FA49564A956 BaseClass: NativeClass:/Script/Engine.DirectionalLight Name:DirectionalLight_1 Label:DirectionalLight SpatiallyLoaded:0 Bounds:IsValid=true, Min=(X=-1048576.000 Y=-1048576.000 Z=-1048576.000), Max=(X=1048576.000 Y=1048576.000 Z=1048576.000) RuntimeGrid:None EditorOnly:0 RuntimeOnly:0 HLODRelevant:0 ListedInSceneOutliner:1 IsMainWorldOnly:0 FolderPath:Lighting FolderGuid:4C9334684BA61B42C769F799D2576455
 |   |   |- [+] [  9]
 |   |   |   |- Guid:B608FF7A4A2A2E0028A07ABFC71023A7 BaseClass:/Game/FbxScene_Foret_Low_Poly_Unreal.FbxScene_Foret_Low_Poly_Unreal_C NativeClass:/Script/Engine.Actor Name:FbxScene_Foret_Low_Poly_Unreal_C_UAID_2CF05D3BC442E60002_1160979976 Label:FbxScene_Foret_Low_Poly_Unreal SpatiallyLoaded:1 Bounds:IsValid=true, Min=(X=-320.287 Y=-347.370 Z=-1.357), Max=(X=360.133 Y=344.333 Z=275.347) RuntimeGrid:None EditorOnly:0 RuntimeOnly:0 HLODRelevant:1 ListedInSceneOutliner:1 IsMainWorldOnly:0
 |   |   |- [+] [ 10]
 |   |   |   |- Guid:CCDD89584E0A9025F52AEDA51D60CA54 BaseClass: NativeClass:/Script/NavigationSystem.NavMeshBoundsVolume Name:NavMeshBoundsVolume_1 Label:NavMeshBoundsVolume SpatiallyLoaded:0 Bounds:IsValid=true, Min=(X=-100.000 Y=-100.000 Z=-110.000), Max=(X=3100.000 Y=3600.000 Z=390.000) RuntimeGrid:None EditorOnly:0 RuntimeOnly:0 HLODRelevant:0 ListedInSceneOutliner:1 IsMainWorldOnly:0 FolderPath:Navigation FolderGuid:AE45D61F453CC144CF8289862C276E89
 |   |   |- [+] [ 11]
 |   |   |   |- Guid:D24D61B944EF71BE7BC469B7EB239299 BaseClass: NativeClass:/Script/Engine.ExponentialHeightFog Name:ExponentialHeightFog_1 Label:ExponentialHeightFog SpatiallyLoaded:0 Bounds:IsValid=true, Min=(X=-5600.000 Y=-50.000 Z=-6850.000), Max=(X=-5600.000 Y=-50.000 Z=-6850.000) RuntimeGrid:None EditorOnly:0 RuntimeOnly:0 HLODRelevant:0 ListedInSceneOutliner:1 IsMainWorldOnly:0 FolderPath:Lighting FolderGuid:4C9334684BA61B42C769F799D2576455
 |   |   |- [+] [ 12]
 |   |   |   |- Guid:E4951115430027A6F67E41BFE625D031 BaseClass:/Game/FbxScene_Arbre_01_Foret_Low_Poly_Unreal.FbxScene_Arbre_01_Foret_Low_Poly_Unreal_C NativeClass:/Script/Engine.Actor Name:FbxScene_Arbre_01_Foret_Low_Poly_Unreal_C_UAID_2CF05D3BC442E60002_1467746978 Label:FbxScene_Arbre_01_Foret_Low_Poly_Unreal SpatiallyLoaded:1 Bounds:IsValid=true, Min=(X=138.150 Y=252.586 Z=236.621), Max=(X=275.192 Y=387.061 Z=342.919) RuntimeGrid:None EditorOnly:0 RuntimeOnly:0 HLODRelevant:1 ListedInSceneOutliner:1 IsMainWorldOnly:0
 |   |   |- [+] [ 13]
 |   |   |   |- Guid:ED702DEB4F4A6D94A5DB4F9C337C2079 BaseClass: NativeClass:/Script/Engine.TextRenderActor Name:TextRenderActor_0 Label:TextRenderActor SpatiallyLoaded:1 Bounds:IsValid=true, Min=(X=-0.100 Y=1100.000 Z=65.013), Max=(X=-0.100 Y=2225.000 Z=215.013) RuntimeGrid:None EditorOnly:0 RuntimeOnly:0 HLODRelevant:0 ListedInSceneOutliner:1 IsMainWorldOnly:0
 |   |   |- [+] [ 14]
 |   |   |   |- Guid:F33CC5014C49925B3A9D52A063AF483F BaseClass: NativeClass:/Script/Engine.PlayerStart Name:PlayerStart_0 Label:PlayerStart SpatiallyLoaded:0 Bounds:IsValid=true, Min=(X=143.000 Y=43.000 Z=221.000), Max=(X=223.000 Y=123.000 Z=405.000) RuntimeGrid:None EditorOnly:0 RuntimeOnly:0 HLODRelevant:0 ListedInSceneOutliner:1 IsMainWorldOnly:0
 |- ContainerInstances:
 |- [+] MainContainer:
 |   |-        ID: 00000000000000000000000000000000
 |   |-  ParentID: 00000000000000000000000000000000
 |   |-    Bounds: IsValid=false, Min=(X=0.000 Y=0.000 Z=0.000), Max=(X=0.000 Y=0.000 Z=0.000)
 |   |- Transform: 0.000000,0.000000,0.000000|0.000000,0.000000,-0.000000|1.000000,1.000000,1.000000
 |   |- Container: /Game/TopDown/Maps/TopDownMap
----------------------------------------------------------------------------------------------------------------
TopDownMap - Persistent Level
----------------------------------------------------------------------------------------------------------------
[+] Content of TopDownMap Persistent Level
 |- Always loaded Actor Count: 15 
 |- Actor Path: /Game/TopDown/Maps/TopDownMap.TopDownMap:PersistentLevel.Arbre_Buisson_C_UAID_2CF05D3BC442ED0002_1253393211
 |- Actor Package: /Game/__ExternalActors__/TopDown/Maps/TopDownMap/6/T8/F6RL7B4L3ARZUA4VTL7YBW
 |- Actor Path: /Game/TopDown/Maps/TopDownMap.TopDownMap:PersistentLevel.DirectionalLight_1
 |- Actor Package: /Game/__ExternalActors__/TopDown/Maps/TopDownMap/A/LM/VRK8UAZR3J2TAKS74SHCUD
 |- Actor Path: /Game/TopDown/Maps/TopDownMap.TopDownMap:PersistentLevel.ExponentialHeightFog_1
 |- Actor Package: /Game/__ExternalActors__/TopDown/Maps/TopDownMap/6/BO/BYV4KSLUROOOL33DU1XUWQ
 |- Actor Path: /Game/TopDown/Maps/TopDownMap.TopDownMap:PersistentLevel.FbxScene_Arbre_01_Foret_Low_Poly_Unreal_C_UAID_2CF05D3BC442E60002_1467746978
 |- Actor Package: /Game/__ExternalActors__/TopDown/Maps/TopDownMap/4/3Z/MICLFO2RUS3U811BFF2E89
 |- Actor Path: /Game/TopDown/Maps/TopDownMap.TopDownMap:PersistentLevel.FbxScene_Foret_Low_Poly_Unreal_C_UAID_2CF05D3BC442E60002_1160979976
 |- Actor Package: /Game/__ExternalActors__/TopDown/Maps/TopDownMap/0/5B/HYUQV7EVR48J3AKMSYY30J
 |- Actor Path: /Game/TopDown/Maps/TopDownMap.TopDownMap:PersistentLevel.NavLinkProxy_3
 |- Actor Package: /Game/__ExternalActors__/TopDown/Maps/TopDownMap/5/UT/JRUWL9PVCAH3XSUMXP4CC1
 |- Actor Path: /Game/TopDown/Maps/TopDownMap.TopDownMap:PersistentLevel.NavMeshBoundsVolume_1
 |- Actor Package: /Game/__ExternalActors__/TopDown/Maps/TopDownMap/0/QS/8AKCSH4RXXQHHQMCR8GO6C
 |- Actor Path: /Game/TopDown/Maps/TopDownMap.TopDownMap:PersistentLevel.PlayerStart_0
 |- Actor Package: /Game/__ExternalActors__/TopDown/Maps/TopDownMap/6/OI/H4CYGWRMJ49ZI6AS2GNGQY
 |- Actor Path: /Game/TopDown/Maps/TopDownMap.TopDownMap:PersistentLevel.PostProcessVolume_1
 |- Actor Package: /Game/__ExternalActors__/TopDown/Maps/TopDownMap/6/VI/ESHAVRHFZFA2JDR9ZAQIOE
 |- Actor Path: /Game/TopDown/Maps/TopDownMap.TopDownMap:PersistentLevel.SkyAtmosphere_1
 |- Actor Package: /Game/__ExternalActors__/TopDown/Maps/TopDownMap/5/YN/TCNGOWDVRBFBJ5YZR7VI7S
 |- Actor Path: /Game/TopDown/Maps/TopDownMap.TopDownMap:PersistentLevel.SkyLight_1
 |- Actor Package: /Game/__ExternalActors__/TopDown/Maps/TopDownMap/E/LR/47NTFRDFK6M7265A1UYTOW
 |- Actor Path: /Game/TopDown/Maps/TopDownMap.TopDownMap:PersistentLevel.StaticMeshActor_UAID_A4AE111137DC5CFB00_1660657071
 |- Actor Package: /Game/__ExternalActors__/TopDown/Maps/TopDownMap/C/MV/UE2U7GTDT7WM2AVP83861S
 |- Actor Path: /Game/TopDown/Maps/TopDownMap.TopDownMap:PersistentLevel.TextRenderActor_0
 |- Actor Package: /Game/__ExternalActors__/TopDown/Maps/TopDownMap/9/FY/45JOQ38QR4K2P62IGCH99F
 |- Actor Path: /Game/TopDown/Maps/TopDownMap.TopDownMap:PersistentLevel.VolumetricCloud_0
 |- Actor Package: /Game/__ExternalActors__/TopDown/Maps/TopDownMap/6/GY/HOVAYB977GD5L9YGZ5S1T6
 |- Actor Path: /Game/TopDown/Maps/TopDownMap.TopDownMap:PersistentLevel.WorldDataLayers
 |- Actor Package: /Game/__ExternalActors__/TopDown/Maps/TopDownMap/A/RN/FHX05LPSBNMAJG3SW97PS7

----------------------------------------------------------------------------------------------------------------
TopDownMap - Runtime Hash Set
----------------------------------------------------------------------------------------------------------------

