[+] Containers:
 |- [+] Container: /Game/TopDown/Maps/TopDownMap
 |   |- [+] ActorDescs:
 |   |   |- Guid:12DFB8514846E80E1896B287F3F8AAB2 BaseClass: NativeClass:/Script/Engine.StaticMeshActor Name:StaticMeshActor_UAID_2CF05D3BC442B61202_2049458536 Label:Bordure_ext_2 SpatiallyLoaded:1 Bounds:IsValid=true, Min=(X=1014.000 Y=-1006.000 Z=225.125), Max=(X=1014.000 Y=1110.000 Z=500.875) RuntimeGrid:None EditorOnly:0 RuntimeOnly:0 HLODRelevant:0 ListedInSceneOutliner:1 IsMainWorldOnly:0 FolderPath:Playground/Murs_invisibles_ext FolderGuid:833D3C1B45C6FA478FDC66BC9226264C
 |   |   |- Guid:1303C52C4B0249A036D263812D0F1CEC BaseClass:/Game/Asset_3D/Asset_Terrain/Asset_Terrain_Arbres/Asset_Terrain_Arbre_Rond/FbxScene_Arbres_Ronds_Low_Poly.FbxScene_Arbres_Ronds_Low_Poly_C NativeClass:/Script/Engine.Actor Name:FbxScene_Arbres_Ronds_Low_Poly_C_UAID_D8BBC13EC911C30202_1385368932 Label:FbxScene_Arbres_Ronds_Low_Poly SpatiallyLoaded:1 Bounds:IsValid=true, Min=(X=-1077.087 Y=-455.867 Z=206.633), Max=(X=1072.828 Y=1157.979 Z=652.047) RuntimeGrid:None EditorOnly:0 RuntimeOnly:0 HLODRelevant:1 ListedInSceneOutliner:1 IsMainWorldOnly:0 FolderPath:Asset_3D FolderGuid:90C29263402A3F894B126890A99E59C6
 |   |   |- Guid:147C8D134B12D635012D5F8C57D2C96F BaseClass: NativeClass:/Script/Engine.PostProcessVolume Name:PostProcessVolume_1 Label:PostProcessVolume SpatiallyLoaded:0 Bounds:IsValid=true, Min=(X=0.000 Y=0.000 Z=873.000), Max=(X=200.000 Y=200.000 Z=1073.000) RuntimeGrid:None EditorOnly:0 RuntimeOnly:0 HLODRelevant:0 ListedInSceneOutliner:1 IsMainWorldOnly:0 FolderPath:Lighting FolderGuid:4C9334684BA61B42C769F799D2576455
 |   |   |- Guid:1742DF43475F097453197AA79C7473D9 BaseClass: NativeClass:/Script/Engine.SkyLight Name:SkyLight_1 Label:SkyLight SpatiallyLoaded:0 Bounds:IsValid=true, Min=(X=0.000 Y=0.000 Z=690.000), Max=(X=0.000 Y=0.000 Z=690.000) RuntimeGrid:None EditorOnly:0 RuntimeOnly:0 HLODRelevant:0 ListedInSceneOutliner:1 IsMainWorldOnly:0 FolderPath:Lighting FolderGuid:4C9334684BA61B42C769F799D2576455
 |   |   |- Guid:1EFEBD84403B449203E307A737F8081F BaseClass: NativeClass:/Script/NavigationSystem.NavMeshBoundsVolume Name:NavMeshBoundsVolume_UAID_2CF05D3BC442831202_1605293566 Label:NavMeshBoundsVolume SpatiallyLoaded:0 Bounds:IsValid=true, Min=(X=-1030.000 Y=-840.000 Z=-100.000), Max=(X=1050.000 Y=1140.000 Z=400.000) RuntimeGrid:None EditorOnly:0 RuntimeOnly:0 HLODRelevant:0 ListedInSceneOutliner:1 IsMainWorldOnly:0 FolderPath:Movement FolderGuid:A5076328440C92051B63059BA0B31416
 |   |   |- Guid:239B89824135583040AC1D8EF8D2F1F7 BaseClass: NativeClass:/Script/Engine.StaticMeshActor Name:StaticMeshActor_UAID_2CF05D3BC442B71202_1332996716 Label:Bordure_ext_diag_6 SpatiallyLoaded:1 Bounds:IsValid=true, Min=(X=-1376.532 Y=420.922 Z=220.500), Max=(X=-343.468 Y=603.078 Z=479.500) RuntimeGrid:None EditorOnly:0 RuntimeOnly:0 HLODRelevant:0 ListedInSceneOutliner:1 IsMainWorldOnly:0 FolderPath:Playground/Murs_invisibles_riviere FolderGuid:AE35C6174C2A422979C6028945082CF7
 |   |   |- Guid:2C3FD01D4FB8F497012186BB82038071 BaseClass: NativeClass:/Script/Engine.StaticMeshActor Name:StaticMeshActor_UAID_2CF05D3BC442B71202_1489436719 Label:Bordure_ext_pont_8 SpatiallyLoaded:1 Bounds:IsValid=true, Min=(X=-321.000 Y=213.625 Z=191.500), Max=(X=-321.000 Y=608.375 Z=450.500) RuntimeGrid:None EditorOnly:0 RuntimeOnly:0 HLODRelevant:0 ListedInSceneOutliner:1 IsMainWorldOnly:0 FolderPath:Playground/Murs_invisibles_riviere FolderGuid:AE35C6174C2A422979C6028945082CF7
 |   |   |- Guid:2DF0D95440BE0EDA81652F860DC7268E BaseClass: NativeClass:/Script/Engine.WorldDataLayers Name:WorldDataLayers Label:WorldDataLayers SpatiallyLoaded:0 Bounds:Invalid RuntimeGrid:None EditorOnly:0 RuntimeOnly:0 HLODRelevant:0 ListedInSceneOutliner:1 IsMainWorldOnly:1
 |   |   |- Guid:319113AF47D64D6C9A53DD8D0C326A58 BaseClass: NativeClass:/Script/Engine.StaticMeshActor Name:StaticMeshActor_UAID_2CF05D3BC442B71202_1541827720 Label:Bordure_ext_pont__9 SpatiallyLoaded:1 Bounds:IsValid=true, Min=(X=-26.000 Y=222.625 Z=191.500), Max=(X=-26.000 Y=617.375 Z=450.500) RuntimeGrid:None EditorOnly:0 RuntimeOnly:0 HLODRelevant:0 ListedInSceneOutliner:1 IsMainWorldOnly:0 FolderPath:Playground/Murs_invisibles_riviere FolderGuid:AE35C6174C2A422979C6028945082CF7
 |   |   |- Guid:3693109043EC8126615A7F921773B524 BaseClass:/Game/Blueprints/Arbre_Buisson.Arbre_Buisson_C NativeClass:/Script/Engine.Actor Name:Arbre_Buisson_C_UAID_2CF05D3BC442ED0002_1253393211 Label:Arbre_Buisson SpatiallyLoaded:1 Bounds:IsValid=true, Min=(X=250.000 Y=-30.000 Z=230.000), Max=(X=250.000 Y=-30.000 Z=230.000) RuntimeGrid:None EditorOnly:0 RuntimeOnly:0 HLODRelevant:0 ListedInSceneOutliner:1 IsMainWorldOnly:0 FolderPath:AUDIO FolderGuid:0CBA6E5A4100BDBE13F6609FEBEB509F
 |   |   |- Guid:3FE55229431FEAA6EA9AE1BF1FE0BC0B BaseClass: NativeClass:/Script/Engine.StaticMeshActor Name:StaticMeshActor_UAID_2CF05D3BC442B71202_1074868714 Label:Bordure_ext_4 SpatiallyLoaded:1 Bounds:IsValid=true, Min=(X=-936.000 Y=-1036.000 Z=184.125), Max=(X=-936.000 Y=1080.000 Z=459.875) RuntimeGrid:None EditorOnly:0 RuntimeOnly:0 HLODRelevant:0 ListedInSceneOutliner:1 IsMainWorldOnly:0 FolderPath:Playground/Murs_invisibles_ext FolderGuid:833D3C1B45C6FA478FDC66BC9226264C
 |   |   |- Guid:6252C7D64ACF162A73EE65B11FE214D1 BaseClass: NativeClass:/Script/Engine.SkyAtmosphere Name:SkyAtmosphere_1 Label:SkyAtmosphere SpatiallyLoaded:0 Bounds:IsValid=true, Min=(X=0.000 Y=0.000 Z=1020.000), Max=(X=0.000 Y=0.000 Z=1020.000) RuntimeGrid:None EditorOnly:0 RuntimeOnly:0 HLODRelevant:0 ListedInSceneOutliner:1 IsMainWorldOnly:0 FolderPath:Lighting FolderGuid:4C9334684BA61B42C769F799D2576455
 |   |   |- Guid:66BCBF874D2A22ADC6523B95EE812CA3 BaseClass: NativeClass:/Script/Engine.StaticMeshActor Name:StaticMeshActor_UAID_A4AE111137DC5CFB00_1660657071 Label:SM_SkySphere SpatiallyLoaded:0 Bounds:IsValid=true, Min=(X=-1638400.000 Y=-1638400.000 Z=-1637530.000), Max=(X=1638400.000 Y=1638400.000 Z=1639270.000) RuntimeGrid:None EditorOnly:0 RuntimeOnly:0 HLODRelevant:0 ListedInSceneOutliner:1 IsMainWorldOnly:0 FolderPath:Lighting FolderGuid:4C9334684BA61B42C769F799D2576455
 |   |   |- Guid:6AEEC7334D74EEDA5F556280A45AE707 BaseClass:/Game/Asset_3D/Asset_Terrain/Asset_Terrain_Base/FbxScene_Terrain_Low_Poly.FbxScene_Terrain_Low_Poly_C NativeClass:/Script/Engine.Actor Name:FbxScene_Terrain_Low_Poly_C_UAID_D8BBC13EC911C30202_1231756930 Label:FbxScene_Terrain_Low_Poly SpatiallyLoaded:1 Bounds:IsValid=true, Min=(X=-1073.776 Y=-1090.450 Z=-475.651), Max=(X=1127.929 Y=1147.764 Z=358.143) RuntimeGrid:None EditorOnly:0 RuntimeOnly:0 HLODRelevant:1 ListedInSceneOutliner:1 IsMainWorldOnly:0 FolderPath:Asset_3D FolderGuid:90C29263402A3F894B126890A99E59C6
 |   |   |- Guid:77F893B3468595EE782136AD620D7EF4 BaseClass: NativeClass:/Script/Engine.VolumetricCloud Name:VolumetricCloud_0 Label:VolumetricCloud SpatiallyLoaded:0 Bounds:IsValid=true, Min=(X=0.000 Y=0.000 Z=820.000), Max=(X=0.000 Y=0.000 Z=820.000) RuntimeGrid:None EditorOnly:0 RuntimeOnly:0 HLODRelevant:0 ListedInSceneOutliner:1 IsMainWorldOnly:0 FolderPath:Lighting FolderGuid:4C9334684BA61B42C769F799D2576455
 |   |   |- Guid:9238507F449988755782A8A4F9F13DBE BaseClass: NativeClass:/Script/Engine.StaticMeshActor Name:StaticMeshActor_UAID_2CF05D3BC442B71202_1241982715 Label:Bordure_ext_5 SpatiallyLoaded:1 Bounds:IsValid=true, Min=(X=-18.500 Y=630.000 Z=237.500), Max=(X=1030.500 Y=630.000 Z=496.500) RuntimeGrid:None EditorOnly:0 RuntimeOnly:0 HLODRelevant:0 ListedInSceneOutliner:1 IsMainWorldOnly:0 FolderPath:Playground/Murs_invisibles_riviere FolderGuid:AE35C6174C2A422979C6028945082CF7
 |   |   |- Guid:9692CA2244F0626A5FF2F1BDC865CFAC BaseClass: NativeClass:/Script/Engine.StaticMeshActor Name:StaticMeshActor_UAID_2CF05D3BC442B71202_1447794718 Label:Bordure_ext_7 SpatiallyLoaded:1 Bounds:IsValid=true, Min=(X=-1363.500 Y=196.000 Z=212.500), Max=(X=-314.500 Y=196.000 Z=471.500) RuntimeGrid:None EditorOnly:0 RuntimeOnly:0 HLODRelevant:0 ListedInSceneOutliner:1 IsMainWorldOnly:0 FolderPath:Playground/Murs_invisibles_riviere FolderGuid:AE35C6174C2A422979C6028945082CF7
 |   |   |- Guid:97D98BA54C2EB62C393BEFA13839D38A BaseClass:/Game/Asset_3D/Asset_Terrain/Asset_Terrain_Arbres/Asset_Terrain_Arbre_Sapin/FbxScene_Arbres_Sapins_Low_Poly.FbxScene_Arbres_Sapins_Low_Poly_C NativeClass:/Script/Engine.Actor Name:FbxScene_Arbres_Sapins_Low_Poly_C_UAID_D8BBC13EC911C30202_1417497935 Label:FbxScene_Arbres_Sapins_Low_Poly SpatiallyLoaded:1 Bounds:IsValid=true, Min=(X=-1055.474 Y=-1127.784 Z=100.767), Max=(X=1040.375 Y=888.305 Z=740.984) RuntimeGrid:None EditorOnly:0 RuntimeOnly:0 HLODRelevant:1 ListedInSceneOutliner:1 IsMainWorldOnly:0 FolderPath:Asset_3D FolderGuid:90C29263402A3F894B126890A99E59C6
 |   |   |- Guid:AECEEEE741E6DE68F6843FA49564A956 BaseClass: NativeClass:/Script/Engine.DirectionalLight Name:DirectionalLight_1 Label:DirectionalLight SpatiallyLoaded:0 Bounds:Invalid RuntimeGrid:None EditorOnly:0 RuntimeOnly:0 HLODRelevant:0 ListedInSceneOutliner:1 IsMainWorldOnly:0 FolderPath:Lighting FolderGuid:4C9334684BA61B42C769F799D2576455
 |   |   |- Guid:BC7C94464947A3D2432F709070BCD9C1 BaseClass: NativeClass:/Script/Engine.StaticMeshActor Name:StaticMeshActor_UAID_2CF05D3BC442B61202_1882224535 Label:Bordure_ext_1 SpatiallyLoaded:1 Bounds:IsValid=true, Min=(X=-1017.000 Y=1000.000 Z=229.125), Max=(X=1099.000 Y=1000.000 Z=504.875) RuntimeGrid:None EditorOnly:0 RuntimeOnly:0 HLODRelevant:0 ListedInSceneOutliner:1 IsMainWorldOnly:0 FolderPath:Playground/Murs_invisibles_ext FolderGuid:833D3C1B45C6FA478FDC66BC9226264C
 |   |   |- Guid:C2083B1149399BBE15E1A08B2CE605B1 BaseClass:/Game/Asset_3D/Asset_Terrain/Asset_Terrain_Pont/FbxScene_Pont_Low_Poly.FbxScene_Pont_Low_Poly_C NativeClass:/Script/Engine.Actor Name:FbxScene_Pont_Low_Poly_C_UAID_D8BBC13EC911C30202_1467761937 Label:FbxScene_Pont_Low_Poly SpatiallyLoaded:1 Bounds:IsValid=true, Min=(X=-361.386 Y=211.708 Z=114.894), Max=(X=22.258 Y=639.236 Z=308.216) RuntimeGrid:None EditorOnly:0 RuntimeOnly:0 HLODRelevant:1 ListedInSceneOutliner:1 IsMainWorldOnly:0 FolderPath:Asset_3D FolderGuid:90C29263402A3F894B126890A99E59C6
 |   |   |- Guid:D24D61B944EF71BE7BC469B7EB239299 BaseClass: NativeClass:/Script/Engine.ExponentialHeightFog Name:ExponentialHeightFog_1 Label:ExponentialHeightFog SpatiallyLoaded:0 Bounds:IsValid=true, Min=(X=-5600.000 Y=-50.000 Z=-6850.000), Max=(X=-5600.000 Y=-50.000 Z=-6850.000) RuntimeGrid:None EditorOnly:0 RuntimeOnly:0 HLODRelevant:0 ListedInSceneOutliner:1 IsMainWorldOnly:0 FolderPath:Lighting FolderGuid:4C9334684BA61B42C769F799D2576455
 |   |   |- Guid:D3C63C8A40031C6CBBE650B89234304E BaseClass:/Game/Asset_3D/Asset_Terrain/Asset_Terrain_Riviere/FbxScene_River_Low_Poly.FbxScene_River_Low_Poly_C NativeClass:/Script/Engine.Actor Name:FbxScene_River_Low_Poly_C_UAID_D8BBC13EC911D10202_1151038398 Label:FbxScene_River_Low_Poly SpatiallyLoaded:1 Bounds:IsValid=true, Min=(X=-955.519 Y=170.727 Z=31.385), Max=(X=1009.032 Y=653.551 Z=241.304) RuntimeGrid:None EditorOnly:0 RuntimeOnly:0 HLODRelevant:1 ListedInSceneOutliner:1 IsMainWorldOnly:0 FolderPath:Asset_3D FolderGuid:90C29263402A3F894B126890A99E59C6
 |   |   |- Guid:E1702B2547D2F0C8C1CA079FD90C0295 BaseClass: NativeClass:/Script/NavigationSystem.RecastNavMesh Name:RecastNavMesh_UAID_2CF05D3BC442831202-Default Label:RecastNavMesh-Default SpatiallyLoaded:0 Bounds:IsValid=true, Min=(X=0.000 Y=0.000 Z=0.000), Max=(X=0.000 Y=0.000 Z=0.000) RuntimeGrid:None EditorOnly:0 RuntimeOnly:0 HLODRelevant:0 ListedInSceneOutliner:1 IsMainWorldOnly:0
 |   |   |- Guid:E5E3ED60474B58AFFB61D986BE72CA0B BaseClass: NativeClass:/Script/Engine.StaticMeshActor Name:Floor_UAID_2CF05D3BC442DE1202_1528071585 Label:Floor SpatiallyLoaded:1 Bounds:IsValid=true, Min=(X=-1015.001 Y=-1015.000 Z=161.000), Max=(X=1015.000 Y=1015.000 Z=175.000) RuntimeGrid:None EditorOnly:0 RuntimeOnly:0 HLODRelevant:0 ListedInSceneOutliner:1 IsMainWorldOnly:0 FolderPath:Asset_3D FolderGuid:90C29263402A3F894B126890A99E59C6
 |   |   |- Guid:EB553D274C182B100AC00C8D39D1DCF9 BaseClass:/Game/Asset_3D/Asset_Terrain/Asset_Coffre/FbxScene_Coffre_Low_Poly.FbxScene_Coffre_Low_Poly_C NativeClass:/Script/Engine.Actor Name:FbxScene_Coffre_Low_Poly_C_UAID_D8BBC13EC911C80202_1762936808 Label:FbxScene_Coffre_Low_Poly SpatiallyLoaded:1 Bounds:IsValid=true, Min=(X=356.875 Y=-851.125 Z=130.875), Max=(X=653.125 Y=-554.875 Z=427.125) RuntimeGrid:None EditorOnly:0 RuntimeOnly:0 HLODRelevant:0 ListedInSceneOutliner:1 IsMainWorldOnly:0 FolderPath:Asset_3D FolderGuid:90C29263402A3F894B126890A99E59C6
 |   |   |- Guid:F1444C45482BAE7013FBBBB044F618B0 BaseClass: NativeClass:/Script/Engine.StaticMeshActor Name:StaticMeshActor_UAID_2CF05D3BC442B71202_1410769717 Label:Bordure_ext_6 SpatiallyLoaded:1 Bounds:IsValid=true, Min=(X=-18.500 Y=249.000 Z=222.500), Max=(X=1030.500 Y=249.000 Z=481.500) RuntimeGrid:None EditorOnly:0 RuntimeOnly:0 HLODRelevant:0 ListedInSceneOutliner:1 IsMainWorldOnly:0 FolderPath:Playground/Murs_invisibles_riviere FolderGuid:AE35C6174C2A422979C6028945082CF7
 |   |   |- Guid:F33CC5014C49925B3A9D52A063AF483F BaseClass: NativeClass:/Script/Engine.PlayerStart Name:PlayerStart_0 Label:PlayerStart SpatiallyLoaded:0 Bounds:IsValid=true, Min=(X=-199.000 Y=772.000 Z=221.000), Max=(X=-119.000 Y=852.000 Z=405.000) RuntimeGrid:None EditorOnly:0 RuntimeOnly:0 HLODRelevant:0 ListedInSceneOutliner:1 IsMainWorldOnly:0
 |   |   |- Guid:F6C1507D4EA14F4016EF0D95289BDC35 BaseClass: NativeClass:/Script/Engine.StaticMeshActor Name:StaticMeshActor_UAID_2CF05D3BC442B61202_2106455537 Label:Bordure_ext_3 SpatiallyLoaded:1 Bounds:IsValid=true, Min=(X=-1018.000 Y=-939.000 Z=202.125), Max=(X=1098.000 Y=-939.000 Z=477.875) RuntimeGrid:None EditorOnly:0 RuntimeOnly:0 HLODRelevant:0 ListedInSceneOutliner:1 IsMainWorldOnly:0 FolderPath:Playground/Murs_invisibles_ext FolderGuid:833D3C1B45C6FA478FDC66BC9226264C
 |   |- [+] Clusters:
 |   |   |- [+] [  0]
 |   |   |   |- Guid:12DFB8514846E80E1896B287F3F8AAB2 BaseClass: NativeClass:/Script/Engine.StaticMeshActor Name:StaticMeshActor_UAID_2CF05D3BC442B61202_2049458536 Label:Bordure_ext_2 SpatiallyLoaded:1 Bounds:IsValid=true, Min=(X=1014.000 Y=-1006.000 Z=225.125), Max=(X=1014.000 Y=1110.000 Z=500.875) RuntimeGrid:None EditorOnly:0 RuntimeOnly:0 HLODRelevant:0 ListedInSceneOutliner:1 IsMainWorldOnly:0 FolderPath:Playground/Murs_invisibles_ext FolderGuid:833D3C1B45C6FA478FDC66BC9226264C
 |   |   |- [+] [  1]
 |   |   |   |- Guid:1303C52C4B0249A036D263812D0F1CEC BaseClass:/Game/Asset_3D/Asset_Terrain/Asset_Terrain_Arbres/Asset_Terrain_Arbre_Rond/FbxScene_Arbres_Ronds_Low_Poly.FbxScene_Arbres_Ronds_Low_Poly_C NativeClass:/Script/Engine.Actor Name:FbxScene_Arbres_Ronds_Low_Poly_C_UAID_D8BBC13EC911C30202_1385368932 Label:FbxScene_Arbres_Ronds_Low_Poly SpatiallyLoaded:1 Bounds:IsValid=true, Min=(X=-1077.087 Y=-455.867 Z=206.633), Max=(X=1072.828 Y=1157.979 Z=652.047) RuntimeGrid:None EditorOnly:0 RuntimeOnly:0 HLODRelevant:1 ListedInSceneOutliner:1 IsMainWorldOnly:0 FolderPath:Asset_3D FolderGuid:90C29263402A3F894B126890A99E59C6
 |   |   |- [+] [  2]
 |   |   |   |- Guid:147C8D134B12D635012D5F8C57D2C96F BaseClass: NativeClass:/Script/Engine.PostProcessVolume Name:PostProcessVolume_1 Label:PostProcessVolume SpatiallyLoaded:0 Bounds:IsValid=true, Min=(X=0.000 Y=0.000 Z=873.000), Max=(X=200.000 Y=200.000 Z=1073.000) RuntimeGrid:None EditorOnly:0 RuntimeOnly:0 HLODRelevant:0 ListedInSceneOutliner:1 IsMainWorldOnly:0 FolderPath:Lighting FolderGuid:4C9334684BA61B42C769F799D2576455
 |   |   |- [+] [  3]
 |   |   |   |- Guid:1742DF43475F097453197AA79C7473D9 BaseClass: NativeClass:/Script/Engine.SkyLight Name:SkyLight_1 Label:SkyLight SpatiallyLoaded:0 Bounds:IsValid=true, Min=(X=0.000 Y=0.000 Z=690.000), Max=(X=0.000 Y=0.000 Z=690.000) RuntimeGrid:None EditorOnly:0 RuntimeOnly:0 HLODRelevant:0 ListedInSceneOutliner:1 IsMainWorldOnly:0 FolderPath:Lighting FolderGuid:4C9334684BA61B42C769F799D2576455
 |   |   |- [+] [  4]
 |   |   |   |- Guid:1EFEBD84403B449203E307A737F8081F BaseClass: NativeClass:/Script/NavigationSystem.NavMeshBoundsVolume Name:NavMeshBoundsVolume_UAID_2CF05D3BC442831202_1605293566 Label:NavMeshBoundsVolume SpatiallyLoaded:0 Bounds:IsValid=true, Min=(X=-1030.000 Y=-840.000 Z=-100.000), Max=(X=1050.000 Y=1140.000 Z=400.000) RuntimeGrid:None EditorOnly:0 RuntimeOnly:0 HLODRelevant:0 ListedInSceneOutliner:1 IsMainWorldOnly:0 FolderPath:Movement FolderGuid:A5076328440C92051B63059BA0B31416
 |   |   |- [+] [  5]
 |   |   |   |- Guid:239B89824135583040AC1D8EF8D2F1F7 BaseClass: NativeClass:/Script/Engine.StaticMeshActor Name:StaticMeshActor_UAID_2CF05D3BC442B71202_1332996716 Label:Bordure_ext_diag_6 SpatiallyLoaded:1 Bounds:IsValid=true, Min=(X=-1376.532 Y=420.922 Z=220.500), Max=(X=-343.468 Y=603.078 Z=479.500) RuntimeGrid:None EditorOnly:0 RuntimeOnly:0 HLODRelevant:0 ListedInSceneOutliner:1 IsMainWorldOnly:0 FolderPath:Playground/Murs_invisibles_riviere FolderGuid:AE35C6174C2A422979C6028945082CF7
 |   |   |- [+] [  6]
 |   |   |   |- Guid:2C3FD01D4FB8F497012186BB82038071 BaseClass: NativeClass:/Script/Engine.StaticMeshActor Name:StaticMeshActor_UAID_2CF05D3BC442B71202_1489436719 Label:Bordure_ext_pont_8 SpatiallyLoaded:1 Bounds:IsValid=true, Min=(X=-321.000 Y=213.625 Z=191.500), Max=(X=-321.000 Y=608.375 Z=450.500) RuntimeGrid:None EditorOnly:0 RuntimeOnly:0 HLODRelevant:0 ListedInSceneOutliner:1 IsMainWorldOnly:0 FolderPath:Playground/Murs_invisibles_riviere FolderGuid:AE35C6174C2A422979C6028945082CF7
 |   |   |- [+] [  7]
 |   |   |   |- Guid:2DF0D95440BE0EDA81652F860DC7268E BaseClass: NativeClass:/Script/Engine.WorldDataLayers Name:WorldDataLayers Label:WorldDataLayers SpatiallyLoaded:0 Bounds:Invalid RuntimeGrid:None EditorOnly:0 RuntimeOnly:0 HLODRelevant:0 ListedInSceneOutliner:1 IsMainWorldOnly:1
 |   |   |- [+] [  8]
 |   |   |   |- Guid:319113AF47D64D6C9A53DD8D0C326A58 BaseClass: NativeClass:/Script/Engine.StaticMeshActor Name:StaticMeshActor_UAID_2CF05D3BC442B71202_1541827720 Label:Bordure_ext_pont__9 SpatiallyLoaded:1 Bounds:IsValid=true, Min=(X=-26.000 Y=222.625 Z=191.500), Max=(X=-26.000 Y=617.375 Z=450.500) RuntimeGrid:None EditorOnly:0 RuntimeOnly:0 HLODRelevant:0 ListedInSceneOutliner:1 IsMainWorldOnly:0 FolderPath:Playground/Murs_invisibles_riviere FolderGuid:AE35C6174C2A422979C6028945082CF7
 |   |   |- [+] [  9]
 |   |   |   |- Guid:3693109043EC8126615A7F921773B524 BaseClass:/Game/Blueprints/Arbre_Buisson.Arbre_Buisson_C NativeClass:/Script/Engine.Actor Name:Arbre_Buisson_C_UAID_2CF05D3BC442ED0002_1253393211 Label:Arbre_Buisson SpatiallyLoaded:1 Bounds:IsValid=true, Min=(X=250.000 Y=-30.000 Z=230.000), Max=(X=250.000 Y=-30.000 Z=230.000) RuntimeGrid:None EditorOnly:0 RuntimeOnly:0 HLODRelevant:0 ListedInSceneOutliner:1 IsMainWorldOnly:0 FolderPath:AUDIO FolderGuid:0CBA6E5A4100BDBE13F6609FEBEB509F
 |   |   |- [+] [ 10]
 |   |   |   |- Guid:3FE55229431FEAA6EA9AE1BF1FE0BC0B BaseClass: NativeClass:/Script/Engine.StaticMeshActor Name:StaticMeshActor_UAID_2CF05D3BC442B71202_1074868714 Label:Bordure_ext_4 SpatiallyLoaded:1 Bounds:IsValid=true, Min=(X=-936.000 Y=-1036.000 Z=184.125), Max=(X=-936.000 Y=1080.000 Z=459.875) RuntimeGrid:None EditorOnly:0 RuntimeOnly:0 HLODRelevant:0 ListedInSceneOutliner:1 IsMainWorldOnly:0 FolderPath:Playground/Murs_invisibles_ext FolderGuid:833D3C1B45C6FA478FDC66BC9226264C
 |   |   |- [+] [ 11]
 |   |   |   |- Guid:6252C7D64ACF162A73EE65B11FE214D1 BaseClass: NativeClass:/Script/Engine.SkyAtmosphere Name:SkyAtmosphere_1 Label:SkyAtmosphere SpatiallyLoaded:0 Bounds:IsValid=true, Min=(X=0.000 Y=0.000 Z=1020.000), Max=(X=0.000 Y=0.000 Z=1020.000) RuntimeGrid:None EditorOnly:0 RuntimeOnly:0 HLODRelevant:0 ListedInSceneOutliner:1 IsMainWorldOnly:0 FolderPath:Lighting FolderGuid:4C9334684BA61B42C769F799D2576455
 |   |   |- [+] [ 12]
 |   |   |   |- Guid:66BCBF874D2A22ADC6523B95EE812CA3 BaseClass: NativeClass:/Script/Engine.StaticMeshActor Name:StaticMeshActor_UAID_A4AE111137DC5CFB00_1660657071 Label:SM_SkySphere SpatiallyLoaded:0 Bounds:IsValid=true, Min=(X=-1638400.000 Y=-1638400.000 Z=-1637530.000), Max=(X=1638400.000 Y=1638400.000 Z=1639270.000) RuntimeGrid:None EditorOnly:0 RuntimeOnly:0 HLODRelevant:0 ListedInSceneOutliner:1 IsMainWorldOnly:0 FolderPath:Lighting FolderGuid:4C9334684BA61B42C769F799D2576455
 |   |   |- [+] [ 13]
 |   |   |   |- Guid:6AEEC7334D74EEDA5F556280A45AE707 BaseClass:/Game/Asset_3D/Asset_Terrain/Asset_Terrain_Base/FbxScene_Terrain_Low_Poly.FbxScene_Terrain_Low_Poly_C NativeClass:/Script/Engine.Actor Name:FbxScene_Terrain_Low_Poly_C_UAID_D8BBC13EC911C30202_1231756930 Label:FbxScene_Terrain_Low_Poly SpatiallyLoaded:1 Bounds:IsValid=true, Min=(X=-1073.776 Y=-1090.450 Z=-475.651), Max=(X=1127.929 Y=1147.764 Z=358.143) RuntimeGrid:None EditorOnly:0 RuntimeOnly:0 HLODRelevant:1 ListedInSceneOutliner:1 IsMainWorldOnly:0 FolderPath:Asset_3D FolderGuid:90C29263402A3F894B126890A99E59C6
 |   |   |- [+] [ 14]
 |   |   |   |- Guid:77F893B3468595EE782136AD620D7EF4 BaseClass: NativeClass:/Script/Engine.VolumetricCloud Name:VolumetricCloud_0 Label:VolumetricCloud SpatiallyLoaded:0 Bounds:IsValid=true, Min=(X=0.000 Y=0.000 Z=820.000), Max=(X=0.000 Y=0.000 Z=820.000) RuntimeGrid:None EditorOnly:0 RuntimeOnly:0 HLODRelevant:0 ListedInSceneOutliner:1 IsMainWorldOnly:0 FolderPath:Lighting FolderGuid:4C9334684BA61B42C769F799D2576455
 |   |   |- [+] [ 15]
 |   |   |   |- Guid:9238507F449988755782A8A4F9F13DBE BaseClass: NativeClass:/Script/Engine.StaticMeshActor Name:StaticMeshActor_UAID_2CF05D3BC442B71202_1241982715 Label:Bordure_ext_5 SpatiallyLoaded:1 Bounds:IsValid=true, Min=(X=-18.500 Y=630.000 Z=237.500), Max=(X=1030.500 Y=630.000 Z=496.500) RuntimeGrid:None EditorOnly:0 RuntimeOnly:0 HLODRelevant:0 ListedInSceneOutliner:1 IsMainWorldOnly:0 FolderPath:Playground/Murs_invisibles_riviere FolderGuid:AE35C6174C2A422979C6028945082CF7
 |   |   |- [+] [ 16]
 |   |   |   |- Guid:9692CA2244F0626A5FF2F1BDC865CFAC BaseClass: NativeClass:/Script/Engine.StaticMeshActor Name:StaticMeshActor_UAID_2CF05D3BC442B71202_1447794718 Label:Bordure_ext_7 SpatiallyLoaded:1 Bounds:IsValid=true, Min=(X=-1363.500 Y=196.000 Z=212.500), Max=(X=-314.500 Y=196.000 Z=471.500) RuntimeGrid:None EditorOnly:0 RuntimeOnly:0 HLODRelevant:0 ListedInSceneOutliner:1 IsMainWorldOnly:0 FolderPath:Playground/Murs_invisibles_riviere FolderGuid:AE35C6174C2A422979C6028945082CF7
 |   |   |- [+] [ 17]
 |   |   |   |- Guid:97D98BA54C2EB62C393BEFA13839D38A BaseClass:/Game/Asset_3D/Asset_Terrain/Asset_Terrain_Arbres/Asset_Terrain_Arbre_Sapin/FbxScene_Arbres_Sapins_Low_Poly.FbxScene_Arbres_Sapins_Low_Poly_C NativeClass:/Script/Engine.Actor Name:FbxScene_Arbres_Sapins_Low_Poly_C_UAID_D8BBC13EC911C30202_1417497935 Label:FbxScene_Arbres_Sapins_Low_Poly SpatiallyLoaded:1 Bounds:IsValid=true, Min=(X=-1055.474 Y=-1127.784 Z=100.767), Max=(X=1040.375 Y=888.305 Z=740.984) RuntimeGrid:None EditorOnly:0 RuntimeOnly:0 HLODRelevant:1 ListedInSceneOutliner:1 IsMainWorldOnly:0 FolderPath:Asset_3D FolderGuid:90C29263402A3F894B126890A99E59C6
 |   |   |- [+] [ 18]
 |   |   |   |- Guid:AECEEEE741E6DE68F6843FA49564A956 BaseClass: NativeClass:/Script/Engine.DirectionalLight Name:DirectionalLight_1 Label:DirectionalLight SpatiallyLoaded:0 Bounds:Invalid RuntimeGrid:None EditorOnly:0 RuntimeOnly:0 HLODRelevant:0 ListedInSceneOutliner:1 IsMainWorldOnly:0 FolderPath:Lighting FolderGuid:4C9334684BA61B42C769F799D2576455
 |   |   |- [+] [ 19]
 |   |   |   |- Guid:BC7C94464947A3D2432F709070BCD9C1 BaseClass: NativeClass:/Script/Engine.StaticMeshActor Name:StaticMeshActor_UAID_2CF05D3BC442B61202_1882224535 Label:Bordure_ext_1 SpatiallyLoaded:1 Bounds:IsValid=true, Min=(X=-1017.000 Y=1000.000 Z=229.125), Max=(X=1099.000 Y=1000.000 Z=504.875) RuntimeGrid:None EditorOnly:0 RuntimeOnly:0 HLODRelevant:0 ListedInSceneOutliner:1 IsMainWorldOnly:0 FolderPath:Playground/Murs_invisibles_ext FolderGuid:833D3C1B45C6FA478FDC66BC9226264C
 |   |   |- [+] [ 20]
 |   |   |   |- Guid:C2083B1149399BBE15E1A08B2CE605B1 BaseClass:/Game/Asset_3D/Asset_Terrain/Asset_Terrain_Pont/FbxScene_Pont_Low_Poly.FbxScene_Pont_Low_Poly_C NativeClass:/Script/Engine.Actor Name:FbxScene_Pont_Low_Poly_C_UAID_D8BBC13EC911C30202_1467761937 Label:FbxScene_Pont_Low_Poly SpatiallyLoaded:1 Bounds:IsValid=true, Min=(X=-361.386 Y=211.708 Z=114.894), Max=(X=22.258 Y=639.236 Z=308.216) RuntimeGrid:None EditorOnly:0 RuntimeOnly:0 HLODRelevant:1 ListedInSceneOutliner:1 IsMainWorldOnly:0 FolderPath:Asset_3D FolderGuid:90C29263402A3F894B126890A99E59C6
 |   |   |- [+] [ 21]
 |   |   |   |- Guid:D24D61B944EF71BE7BC469B7EB239299 BaseClass: NativeClass:/Script/Engine.ExponentialHeightFog Name:ExponentialHeightFog_1 Label:ExponentialHeightFog SpatiallyLoaded:0 Bounds:IsValid=true, Min=(X=-5600.000 Y=-50.000 Z=-6850.000), Max=(X=-5600.000 Y=-50.000 Z=-6850.000) RuntimeGrid:None EditorOnly:0 RuntimeOnly:0 HLODRelevant:0 ListedInSceneOutliner:1 IsMainWorldOnly:0 FolderPath:Lighting FolderGuid:4C9334684BA61B42C769F799D2576455
 |   |   |- [+] [ 22]
 |   |   |   |- Guid:D3C63C8A40031C6CBBE650B89234304E BaseClass:/Game/Asset_3D/Asset_Terrain/Asset_Terrain_Riviere/FbxScene_River_Low_Poly.FbxScene_River_Low_Poly_C NativeClass:/Script/Engine.Actor Name:FbxScene_River_Low_Poly_C_UAID_D8BBC13EC911D10202_1151038398 Label:FbxScene_River_Low_Poly SpatiallyLoaded:1 Bounds:IsValid=true, Min=(X=-955.519 Y=170.727 Z=31.385), Max=(X=1009.032 Y=653.551 Z=241.304) RuntimeGrid:None EditorOnly:0 RuntimeOnly:0 HLODRelevant:1 ListedInSceneOutliner:1 IsMainWorldOnly:0 FolderPath:Asset_3D FolderGuid:90C29263402A3F894B126890A99E59C6
 |   |   |- [+] [ 23]
 |   |   |   |- Guid:E1702B2547D2F0C8C1CA079FD90C0295 BaseClass: NativeClass:/Script/NavigationSystem.RecastNavMesh Name:RecastNavMesh_UAID_2CF05D3BC442831202-Default Label:RecastNavMesh-Default SpatiallyLoaded:0 Bounds:IsValid=true, Min=(X=0.000 Y=0.000 Z=0.000), Max=(X=0.000 Y=0.000 Z=0.000) RuntimeGrid:None EditorOnly:0 RuntimeOnly:0 HLODRelevant:0 ListedInSceneOutliner:1 IsMainWorldOnly:0
 |   |   |- [+] [ 24]
 |   |   |   |- Guid:E5E3ED60474B58AFFB61D986BE72CA0B BaseClass: NativeClass:/Script/Engine.StaticMeshActor Name:Floor_UAID_2CF05D3BC442DE1202_1528071585 Label:Floor SpatiallyLoaded:1 Bounds:IsValid=true, Min=(X=-1015.001 Y=-1015.000 Z=161.000), Max=(X=1015.000 Y=1015.000 Z=175.000) RuntimeGrid:None EditorOnly:0 RuntimeOnly:0 HLODRelevant:0 ListedInSceneOutliner:1 IsMainWorldOnly:0 FolderPath:Asset_3D FolderGuid:90C29263402A3F894B126890A99E59C6
 |   |   |- [+] [ 25]
 |   |   |   |- Guid:EB553D274C182B100AC00C8D39D1DCF9 BaseClass:/Game/Asset_3D/Asset_Terrain/Asset_Coffre/FbxScene_Coffre_Low_Poly.FbxScene_Coffre_Low_Poly_C NativeClass:/Script/Engine.Actor Name:FbxScene_Coffre_Low_Poly_C_UAID_D8BBC13EC911C80202_1762936808 Label:FbxScene_Coffre_Low_Poly SpatiallyLoaded:1 Bounds:IsValid=true, Min=(X=356.875 Y=-851.125 Z=130.875), Max=(X=653.125 Y=-554.875 Z=427.125) RuntimeGrid:None EditorOnly:0 RuntimeOnly:0 HLODRelevant:0 ListedInSceneOutliner:1 IsMainWorldOnly:0 FolderPath:Asset_3D FolderGuid:90C29263402A3F894B126890A99E59C6
 |   |   |- [+] [ 26]
 |   |   |   |- Guid:F1444C45482BAE7013FBBBB044F618B0 BaseClass: NativeClass:/Script/Engine.StaticMeshActor Name:StaticMeshActor_UAID_2CF05D3BC442B71202_1410769717 Label:Bordure_ext_6 SpatiallyLoaded:1 Bounds:IsValid=true, Min=(X=-18.500 Y=249.000 Z=222.500), Max=(X=1030.500 Y=249.000 Z=481.500) RuntimeGrid:None EditorOnly:0 RuntimeOnly:0 HLODRelevant:0 ListedInSceneOutliner:1 IsMainWorldOnly:0 FolderPath:Playground/Murs_invisibles_riviere FolderGuid:AE35C6174C2A422979C6028945082CF7
 |   |   |- [+] [ 27]
 |   |   |   |- Guid:F33CC5014C49925B3A9D52A063AF483F BaseClass: NativeClass:/Script/Engine.PlayerStart Name:PlayerStart_0 Label:PlayerStart SpatiallyLoaded:0 Bounds:IsValid=true, Min=(X=-199.000 Y=772.000 Z=221.000), Max=(X=-119.000 Y=852.000 Z=405.000) RuntimeGrid:None EditorOnly:0 RuntimeOnly:0 HLODRelevant:0 ListedInSceneOutliner:1 IsMainWorldOnly:0
 |   |   |- [+] [ 28]
 |   |   |   |- Guid:F6C1507D4EA14F4016EF0D95289BDC35 BaseClass: NativeClass:/Script/Engine.StaticMeshActor Name:StaticMeshActor_UAID_2CF05D3BC442B61202_2106455537 Label:Bordure_ext_3 SpatiallyLoaded:1 Bounds:IsValid=true, Min=(X=-1018.000 Y=-939.000 Z=202.125), Max=(X=1098.000 Y=-939.000 Z=477.875) RuntimeGrid:None EditorOnly:0 RuntimeOnly:0 HLODRelevant:0 ListedInSceneOutliner:1 IsMainWorldOnly:0 FolderPath:Playground/Murs_invisibles_ext FolderGuid:833D3C1B45C6FA478FDC66BC9226264C
 |- ContainerInstances:
 |- [+] MainContainer:
 |   |-        ID: 00000000000000000000000000000000
 |   |-  ParentID: 00000000000000000000000000000000
 |   |-    Bounds: IsValid=false, Min=(X=0.000 Y=0.000 Z=0.000), Max=(X=0.000 Y=0.000 Z=0.000)
 |   |- Transform: 0.000000,0.000000,0.000000|0.000000,0.000000,-0.000000|1.000000,1.000000,1.000000
 |   |- Container: /Game/TopDown/Maps/TopDownMap
----------------------------------------------------------------------------------------------------------------
TopDownMap - Persistent Level
----------------------------------------------------------------------------------------------------------------
[+] Content of TopDownMap Persistent Level
 |- Always loaded Actor Count: 29 
 |- Actor Path: /Game/TopDown/Maps/TopDownMap.TopDownMap:PersistentLevel.Arbre_Buisson_C_UAID_2CF05D3BC442ED0002_1253393211
 |- Actor Package: /Game/__ExternalActors__/TopDown/Maps/TopDownMap/6/T8/F6RL7B4L3ARZUA4VTL7YBW
 |- Actor Path: /Game/TopDown/Maps/TopDownMap.TopDownMap:PersistentLevel.DirectionalLight_1
 |- Actor Package: /Game/__ExternalActors__/TopDown/Maps/TopDownMap/A/LM/VRK8UAZR3J2TAKS74SHCUD
 |- Actor Path: /Game/TopDown/Maps/TopDownMap.TopDownMap:PersistentLevel.ExponentialHeightFog_1
 |- Actor Package: /Game/__ExternalActors__/TopDown/Maps/TopDownMap/6/BO/BYV4KSLUROOOL33DU1XUWQ
 |- Actor Path: /Game/TopDown/Maps/TopDownMap.TopDownMap:PersistentLevel.FbxScene_Arbres_Ronds_Low_Poly_C_UAID_D8BBC13EC911C30202_1385368932
 |- Actor Package: /Game/__ExternalActors__/TopDown/Maps/TopDownMap/7/TO/7LAKLWJNAPAGS0VW3FXPFL
 |- Actor Path: /Game/TopDown/Maps/TopDownMap.TopDownMap:PersistentLevel.FbxScene_Arbres_Sapins_Low_Poly_C_UAID_D8BBC13EC911C30202_1417497935
 |- Actor Package: /Game/__ExternalActors__/TopDown/Maps/TopDownMap/5/T0/3I2MBH6FALZ7C46BZOKRIV
 |- Actor Path: /Game/TopDown/Maps/TopDownMap.TopDownMap:PersistentLevel.FbxScene_Coffre_Low_Poly_C_UAID_D8BBC13EC911C80202_1762936808
 |- Actor Package: /Game/__ExternalActors__/TopDown/Maps/TopDownMap/8/K6/VCPCEIRLGCLCD1NZHKPHLL
 |- Actor Path: /Game/TopDown/Maps/TopDownMap.TopDownMap:PersistentLevel.FbxScene_Pont_Low_Poly_C_UAID_D8BBC13EC911C30202_1467761937
 |- Actor Package: /Game/__ExternalActors__/TopDown/Maps/TopDownMap/E/4Y/JYVILMGFSUZ4TFF9U22ICY
 |- Actor Path: /Game/TopDown/Maps/TopDownMap.TopDownMap:PersistentLevel.FbxScene_River_Low_Poly_C_UAID_D8BBC13EC911D10202_1151038398
 |- Actor Package: /Game/__ExternalActors__/TopDown/Maps/TopDownMap/C/KV/5XM7Q00YUFMMNLTJRZ99U7
 |- Actor Path: /Game/TopDown/Maps/TopDownMap.TopDownMap:PersistentLevel.FbxScene_Terrain_Low_Poly_C_UAID_D8BBC13EC911C30202_1231756930
 |- Actor Package: /Game/__ExternalActors__/TopDown/Maps/TopDownMap/6/XU/BNBO74DCZW8UU28VVT76UX
 |- Actor Path: /Game/TopDown/Maps/TopDownMap.TopDownMap:PersistentLevel.Floor_UAID_2CF05D3BC442DE1202_1528071585
 |- Actor Package: /Game/__ExternalActors__/TopDown/Maps/TopDownMap/C/OQ/PT7742J352G3G4EEX8VMGJ
 |- Actor Path: /Game/TopDown/Maps/TopDownMap.TopDownMap:PersistentLevel.NavMeshBoundsVolume_UAID_2CF05D3BC442831202_1605293566
 |- Actor Package: /Game/__ExternalActors__/TopDown/Maps/TopDownMap/1/UG/AQ0DY1FLR6NRXGZC60UN40
 |- Actor Path: /Game/TopDown/Maps/TopDownMap.TopDownMap:PersistentLevel.PlayerStart_0
 |- Actor Package: /Game/__ExternalActors__/TopDown/Maps/TopDownMap/6/OI/H4CYGWRMJ49ZI6AS2GNGQY
 |- Actor Path: /Game/TopDown/Maps/TopDownMap.TopDownMap:PersistentLevel.PostProcessVolume_1
 |- Actor Package: /Game/__ExternalActors__/TopDown/Maps/TopDownMap/6/VI/ESHAVRHFZFA2JDR9ZAQIOE
 |- Actor Path: /Game/TopDown/Maps/TopDownMap.TopDownMap:PersistentLevel.RecastNavMesh_UAID_2CF05D3BC442831202-Default
 |- Actor Package: /Game/__ExternalActors__/TopDown/Maps/TopDownMap/5/ZL/9C0NXBPR40TVTWO16RR9PY
 |- Actor Path: /Game/TopDown/Maps/TopDownMap.TopDownMap:PersistentLevel.SkyAtmosphere_1
 |- Actor Package: /Game/__ExternalActors__/TopDown/Maps/TopDownMap/5/YN/TCNGOWDVRBFBJ5YZR7VI7S
 |- Actor Path: /Game/TopDown/Maps/TopDownMap.TopDownMap:PersistentLevel.SkyLight_1
 |- Actor Package: /Game/__ExternalActors__/TopDown/Maps/TopDownMap/E/LR/47NTFRDFK6M7265A1UYTOW
 |- Actor Path: /Game/TopDown/Maps/TopDownMap.TopDownMap:PersistentLevel.StaticMeshActor_UAID_2CF05D3BC442B61202_1882224535
 |- Actor Package: /Game/__ExternalActors__/TopDown/Maps/TopDownMap/B/7H/R1MH5U1U2BOZ6U2HOO4HXS
 |- Actor Path: /Game/TopDown/Maps/TopDownMap.TopDownMap:PersistentLevel.StaticMeshActor_UAID_2CF05D3BC442B61202_2049458536
 |- Actor Package: /Game/__ExternalActors__/TopDown/Maps/TopDownMap/8/6N/NXZLWTXT2ACMNDD7SLHCFW
 |- Actor Path: /Game/TopDown/Maps/TopDownMap.TopDownMap:PersistentLevel.StaticMeshActor_UAID_2CF05D3BC442B61202_2106455537
 |- Actor Package: /Game/__ExternalActors__/TopDown/Maps/TopDownMap/9/18/O2UDMLMNIU16X9QADQLH7C
 |- Actor Path: /Game/TopDown/Maps/TopDownMap.TopDownMap:PersistentLevel.StaticMeshActor_UAID_2CF05D3BC442B71202_1074868714
 |- Actor Package: /Game/__ExternalActors__/TopDown/Maps/TopDownMap/C/V7/2IORQ00MBY289W0W82DLRP
 |- Actor Path: /Game/TopDown/Maps/TopDownMap.TopDownMap:PersistentLevel.StaticMeshActor_UAID_2CF05D3BC442B71202_1241982715
 |- Actor Package: /Game/__ExternalActors__/TopDown/Maps/TopDownMap/9/4Q/CPE0OUVU9G7OLYP0DBZ2GV
 |- Actor Path: /Game/TopDown/Maps/TopDownMap.TopDownMap:PersistentLevel.StaticMeshActor_UAID_2CF05D3BC442B71202_1332996716
 |- Actor Package: /Game/__ExternalActors__/TopDown/Maps/TopDownMap/0/L1/NVGCBAJ79TTMQ4439M3KGX
 |- Actor Path: /Game/TopDown/Maps/TopDownMap.TopDownMap:PersistentLevel.StaticMeshActor_UAID_2CF05D3BC442B71202_1410769717
 |- Actor Package: /Game/__ExternalActors__/TopDown/Maps/TopDownMap/9/92/LGALS3ZLLXJ8CINLWBT5FA
 |- Actor Path: /Game/TopDown/Maps/TopDownMap.TopDownMap:PersistentLevel.StaticMeshActor_UAID_2CF05D3BC442B71202_1447794718
 |- Actor Package: /Game/__ExternalActors__/TopDown/Maps/TopDownMap/D/AN/3FM4HT76DJ1R0QP5033ICF
 |- Actor Path: /Game/TopDown/Maps/TopDownMap.TopDownMap:PersistentLevel.StaticMeshActor_UAID_2CF05D3BC442B71202_1489436719
 |- Actor Package: /Game/__ExternalActors__/TopDown/Maps/TopDownMap/C/9L/IWPK87NRZQEAIPMNPUWWCM
 |- Actor Path: /Game/TopDown/Maps/TopDownMap.TopDownMap:PersistentLevel.StaticMeshActor_UAID_2CF05D3BC442B71202_1541827720
 |- Actor Package: /Game/__ExternalActors__/TopDown/Maps/TopDownMap/7/RO/6W45NNKSQMJKNQF3Y7CT63
 |- Actor Path: /Game/TopDown/Maps/TopDownMap.TopDownMap:PersistentLevel.StaticMeshActor_UAID_A4AE111137DC5CFB00_1660657071
 |- Actor Package: /Game/__ExternalActors__/TopDown/Maps/TopDownMap/C/MV/UE2U7GTDT7WM2AVP83861S
 |- Actor Path: /Game/TopDown/Maps/TopDownMap.TopDownMap:PersistentLevel.VolumetricCloud_0
 |- Actor Package: /Game/__ExternalActors__/TopDown/Maps/TopDownMap/6/GY/HOVAYB977GD5L9YGZ5S1T6
 |- Actor Path: /Game/TopDown/Maps/TopDownMap.TopDownMap:PersistentLevel.WorldDataLayers
 |- Actor Package: /Game/__ExternalActors__/TopDown/Maps/TopDownMap/A/RN/FHX05LPSBNMAJG3SW97PS7

----------------------------------------------------------------------------------------------------------------
TopDownMap - Runtime Hash Set
----------------------------------------------------------------------------------------------------------------

