[+] Containers:
 |- [+] Container: /Game/TopDown/Maps/TopDownMap
 |   |- [+] ActorDescs:
 |   |   |- Guid:1303C52C4B0249A036D263812D0F1CEC BaseClass:/Game/Asset_3D/Asset_Terrain/Asset_Terrain_Arbres/Asset_Terrain_Arbre_Rond/FbxScene_Arbres_Ronds_Low_Poly.FbxScene_Arbres_Ronds_Low_Poly_C NativeClass:/Script/Engine.Actor Name:FbxScene_Arbres_Ronds_Low_Poly_C_UAID_D8BBC13EC911C30202_1385368932 Label:FbxScene_Arbres_Ronds_Low_Poly SpatiallyLoaded:1 Bounds:IsValid=true, Min=(X=-1077.087 Y=-455.867 Z=206.633), Max=(X=1072.828 Y=1157.979 Z=652.047) RuntimeGrid:None EditorOnly:0 RuntimeOnly:0 HLODRelevant:1 ListedInSceneOutliner:1 IsMainWorldOnly:0 FolderPath:Asset_3D FolderGuid:90C29263402A3F894B126890A99E59C6
 |   |   |- Guid:147C8D134B12D635012D5F8C57D2C96F BaseClass: NativeClass:/Script/Engine.PostProcessVolume Name:PostProcessVolume_1 Label:PostProcessVolume SpatiallyLoaded:0 Bounds:IsValid=true, Min=(X=0.000 Y=0.000 Z=400.000), Max=(X=200.000 Y=200.000 Z=600.000) RuntimeGrid:None EditorOnly:0 RuntimeOnly:0 HLODRelevant:0 ListedInSceneOutliner:1 IsMainWorldOnly:0 FolderPath:Lighting FolderGuid:4C9334684BA61B42C769F799D2576455
 |   |   |- Guid:1742DF43475F097453197AA79C7473D9 BaseClass: NativeClass:/Script/Engine.SkyLight Name:SkyLight_1 Label:SkyLight SpatiallyLoaded:0 Bounds:IsValid=true, Min=(X=0.000 Y=0.000 Z=690.000), Max=(X=0.000 Y=0.000 Z=690.000) RuntimeGrid:None EditorOnly:0 RuntimeOnly:0 HLODRelevant:0 ListedInSceneOutliner:1 IsMainWorldOnly:0 FolderPath:Lighting FolderGuid:4C9334684BA61B42C769F799D2576455
 |   |   |- Guid:1FEC8FAC495CEF0CE32492ADCBB96BAE BaseClass: NativeClass:/Script/AIModule.NavLinkProxy Name:NavLinkProxy_3 Label:NavLinkProxy3 SpatiallyLoaded:1 Bounds:IsValid=true, Min=(X=2240.000 Y=1030.000 Z=90.000), Max=(X=2240.000 Y=1030.000 Z=90.000) RuntimeGrid:None EditorOnly:0 RuntimeOnly:0 HLODRelevant:0 ListedInSceneOutliner:1 IsMainWorldOnly:0 FolderPath:Navigation FolderGuid:AE45D61F453CC144CF8289862C276E89
 |   |   |- Guid:2DF0D95440BE0EDA81652F860DC7268E BaseClass: NativeClass:/Script/Engine.WorldDataLayers Name:WorldDataLayers Label:WorldDataLayers SpatiallyLoaded:0 Bounds:IsValid=true, Min=(X=0.000 Y=0.000 Z=0.000), Max=(X=0.000 Y=0.000 Z=0.000) RuntimeGrid:None EditorOnly:0 RuntimeOnly:0 HLODRelevant:0 ListedInSceneOutliner:1 IsMainWorldOnly:1
 |   |   |- Guid:3693109043EC8126615A7F921773B524 BaseClass:/Game/Blueprints/Arbre_Buisson.Arbre_Buisson_C NativeClass:/Script/Engine.Actor Name:Arbre_Buisson_C_UAID_2CF05D3BC442ED0002_1253393211 Label:Arbre_Buisson SpatiallyLoaded:1 Bounds:IsValid=true, Min=(X=250.000 Y=-30.000 Z=230.000), Max=(X=250.000 Y=-30.000 Z=230.000) RuntimeGrid:None EditorOnly:0 RuntimeOnly:0 HLODRelevant:0 ListedInSceneOutliner:1 IsMainWorldOnly:0 FolderPath:AUDIO FolderGuid:0CBA6E5A4100BDBE13F6609FEBEB509F
 |   |   |- Guid:37F2FAC24C335FA198D5BA97797B051F BaseClass:/Game/Asset_3D/Asset_Terrain/Asset_Terrain_Riviere/FbxScene_River_Low_Poly.FbxScene_River_Low_Poly_C NativeClass:/Script/Engine.Actor Name:FbxScene_River_Low_Poly_C_UAID_D8BBC13EC911C30202_1808510941 Label:FbxScene_River_Low_Poly SpatiallyLoaded:1 Bounds:IsValid=true, Min=(X=-955.519 Y=170.727 Z=31.385), Max=(X=1009.033 Y=653.551 Z=241.304) RuntimeGrid:None EditorOnly:0 RuntimeOnly:0 HLODRelevant:0 ListedInSceneOutliner:1 IsMainWorldOnly:0 FolderPath:Asset_3D FolderGuid:90C29263402A3F894B126890A99E59C6
 |   |   |- Guid:6252C7D64ACF162A73EE65B11FE214D1 BaseClass: NativeClass:/Script/Engine.SkyAtmosphere Name:SkyAtmosphere_1 Label:SkyAtmosphere SpatiallyLoaded:0 Bounds:IsValid=true, Min=(X=0.000 Y=0.000 Z=1020.000), Max=(X=0.000 Y=0.000 Z=1020.000) RuntimeGrid:None EditorOnly:0 RuntimeOnly:0 HLODRelevant:0 ListedInSceneOutliner:1 IsMainWorldOnly:0 FolderPath:Lighting FolderGuid:4C9334684BA61B42C769F799D2576455
 |   |   |- Guid:66BCBF874D2A22ADC6523B95EE812CA3 BaseClass: NativeClass:/Script/Engine.StaticMeshActor Name:StaticMeshActor_UAID_A4AE111137DC5CFB00_1660657071 Label:SM_SkySphere SpatiallyLoaded:0 Bounds:IsValid=true, Min=(X=-1638400.000 Y=-1638400.000 Z=-1638400.000), Max=(X=1638400.000 Y=1638400.000 Z=1638400.000) RuntimeGrid:None EditorOnly:0 RuntimeOnly:0 HLODRelevant:1 ListedInSceneOutliner:1 IsMainWorldOnly:0 FolderPath:Lighting FolderGuid:4C9334684BA61B42C769F799D2576455
 |   |   |- Guid:6AEEC7334D74EEDA5F556280A45AE707 BaseClass:/Game/Asset_3D/Asset_Terrain/Asset_Terrain_Base/FbxScene_Terrain_Low_Poly.FbxScene_Terrain_Low_Poly_C NativeClass:/Script/Engine.Actor Name:FbxScene_Terrain_Low_Poly_C_UAID_D8BBC13EC911C30202_1231756930 Label:FbxScene_Terrain_Low_Poly SpatiallyLoaded:1 Bounds:IsValid=true, Min=(X=-961.999 Y=-979.893 Z=-475.651), Max=(X=1018.652 Y=1033.601 Z=318.975) RuntimeGrid:None EditorOnly:0 RuntimeOnly:0 HLODRelevant:1 ListedInSceneOutliner:1 IsMainWorldOnly:0 FolderPath:Asset_3D FolderGuid:90C29263402A3F894B126890A99E59C6
 |   |   |- Guid:77F893B3468595EE782136AD620D7EF4 BaseClass: NativeClass:/Script/Engine.VolumetricCloud Name:VolumetricCloud_0 Label:VolumetricCloud SpatiallyLoaded:0 Bounds:IsValid=true, Min=(X=0.000 Y=0.000 Z=820.000), Max=(X=0.000 Y=0.000 Z=820.000) RuntimeGrid:None EditorOnly:0 RuntimeOnly:0 HLODRelevant:0 ListedInSceneOutliner:1 IsMainWorldOnly:0 FolderPath:Lighting FolderGuid:4C9334684BA61B42C769F799D2576455
 |   |   |- Guid:97D98BA54C2EB62C393BEFA13839D38A BaseClass:/Game/Asset_3D/Asset_Terrain/Asset_Terrain_Arbres/Asset_Terrain_Arbre_Sapin/FbxScene_Arbres_Sapins_Low_Poly.FbxScene_Arbres_Sapins_Low_Poly_C NativeClass:/Script/Engine.Actor Name:FbxScene_Arbres_Sapins_Low_Poly_C_UAID_D8BBC13EC911C30202_1417497935 Label:FbxScene_Arbres_Sapins_Low_Poly SpatiallyLoaded:1 Bounds:IsValid=true, Min=(X=-1055.474 Y=-1127.784 Z=100.767), Max=(X=1040.375 Y=888.305 Z=740.984) RuntimeGrid:None EditorOnly:0 RuntimeOnly:0 HLODRelevant:1 ListedInSceneOutliner:1 IsMainWorldOnly:0 FolderPath:Asset_3D FolderGuid:90C29263402A3F894B126890A99E59C6
 |   |   |- Guid:AECEEEE741E6DE68F6843FA49564A956 BaseClass: NativeClass:/Script/Engine.DirectionalLight Name:DirectionalLight_1 Label:DirectionalLight SpatiallyLoaded:0 Bounds:IsValid=true, Min=(X=-1048576.000 Y=-1048576.000 Z=-1048576.000), Max=(X=1048576.000 Y=1048576.000 Z=1048576.000) RuntimeGrid:None EditorOnly:0 RuntimeOnly:0 HLODRelevant:0 ListedInSceneOutliner:1 IsMainWorldOnly:0 FolderPath:Lighting FolderGuid:4C9334684BA61B42C769F799D2576455
 |   |   |- Guid:C2083B1149399BBE15E1A08B2CE605B1 BaseClass:/Game/Asset_3D/Asset_Terrain/Asset_Terrain_Pont/FbxScene_Pont_Low_Poly.FbxScene_Pont_Low_Poly_C NativeClass:/Script/Engine.Actor Name:FbxScene_Pont_Low_Poly_C_UAID_D8BBC13EC911C30202_1467761937 Label:FbxScene_Pont_Low_Poly SpatiallyLoaded:1 Bounds:IsValid=true, Min=(X=-361.386 Y=211.708 Z=141.068), Max=(X=22.258 Y=639.236 Z=329.815) RuntimeGrid:None EditorOnly:0 RuntimeOnly:0 HLODRelevant:1 ListedInSceneOutliner:1 IsMainWorldOnly:0 FolderPath:Asset_3D FolderGuid:90C29263402A3F894B126890A99E59C6
 |   |   |- Guid:C922EECD43D6E78E60B7EDA84580F306 BaseClass:/Game/BP_FOod/Food.Food_C NativeClass:/Script/Engine.Actor Name:Food_C_UAID_2CF05D3BC442C40202_2005434103 Label:Food SpatiallyLoaded:1 Bounds:IsValid=true, Min=(X=-157.090 Y=-106.650 Z=263.350), Max=(X=-103.790 Y=-53.350 Z=316.650) RuntimeGrid:None EditorOnly:0 RuntimeOnly:0 HLODRelevant:0 ListedInSceneOutliner:1 IsMainWorldOnly:0 FolderPath:Interactables FolderGuid:B91A80504BCFFB0998758E843BD1CCBC
 |   |   |- Guid:CCDD89584E0A9025F52AEDA51D60CA54 BaseClass: NativeClass:/Script/NavigationSystem.NavMeshBoundsVolume Name:NavMeshBoundsVolume_1 Label:NavMeshBoundsVolume SpatiallyLoaded:0 Bounds:IsValid=true, Min=(X=-100.000 Y=-100.000 Z=-110.000), Max=(X=3100.000 Y=3600.000 Z=390.000) RuntimeGrid:None EditorOnly:0 RuntimeOnly:0 HLODRelevant:0 ListedInSceneOutliner:1 IsMainWorldOnly:0 FolderPath:Navigation FolderGuid:AE45D61F453CC144CF8289862C276E89
 |   |   |- Guid:D24D61B944EF71BE7BC469B7EB239299 BaseClass: NativeClass:/Script/Engine.ExponentialHeightFog Name:ExponentialHeightFog_1 Label:ExponentialHeightFog SpatiallyLoaded:0 Bounds:IsValid=true, Min=(X=-5600.000 Y=-50.000 Z=-6850.000), Max=(X=-5600.000 Y=-50.000 Z=-6850.000) RuntimeGrid:None EditorOnly:0 RuntimeOnly:0 HLODRelevant:0 ListedInSceneOutliner:1 IsMainWorldOnly:0 FolderPath:Lighting FolderGuid:4C9334684BA61B42C769F799D2576455
 |   |   |- Guid:ED702DEB4F4A6D94A5DB4F9C337C2079 BaseClass: NativeClass:/Script/Engine.TextRenderActor Name:TextRenderActor_0 Label:TextRenderActor SpatiallyLoaded:1 Bounds:IsValid=true, Min=(X=-0.100 Y=1100.000 Z=65.013), Max=(X=-0.100 Y=2225.000 Z=215.013) RuntimeGrid:None EditorOnly:0 RuntimeOnly:0 HLODRelevant:0 ListedInSceneOutliner:1 IsMainWorldOnly:0
 |   |   |- Guid:F33CC5014C49925B3A9D52A063AF483F BaseClass: NativeClass:/Script/Engine.PlayerStart Name:PlayerStart_0 Label:PlayerStart SpatiallyLoaded:0 Bounds:IsValid=true, Min=(X=143.000 Y=43.000 Z=221.000), Max=(X=223.000 Y=123.000 Z=405.000) RuntimeGrid:None EditorOnly:0 RuntimeOnly:0 HLODRelevant:0 ListedInSceneOutliner:1 IsMainWorldOnly:0
 |   |- [+] Clusters:
 |   |   |- [+] [  0]
 |   |   |   |- Guid:1303C52C4B0249A036D263812D0F1CEC BaseClass:/Game/Asset_3D/Asset_Terrain/Asset_Terrain_Arbres/Asset_Terrain_Arbre_Rond/FbxScene_Arbres_Ronds_Low_Poly.FbxScene_Arbres_Ronds_Low_Poly_C NativeClass:/Script/Engine.Actor Name:FbxScene_Arbres_Ronds_Low_Poly_C_UAID_D8BBC13EC911C30202_1385368932 Label:FbxScene_Arbres_Ronds_Low_Poly SpatiallyLoaded:1 Bounds:IsValid=true, Min=(X=-1077.087 Y=-455.867 Z=206.633), Max=(X=1072.828 Y=1157.979 Z=652.047) RuntimeGrid:None EditorOnly:0 RuntimeOnly:0 HLODRelevant:1 ListedInSceneOutliner:1 IsMainWorldOnly:0 FolderPath:Asset_3D FolderGuid:90C29263402A3F894B126890A99E59C6
 |   |   |- [+] [  1]
 |   |   |   |- Guid:147C8D134B12D635012D5F8C57D2C96F BaseClass: NativeClass:/Script/Engine.PostProcessVolume Name:PostProcessVolume_1 Label:PostProcessVolume SpatiallyLoaded:0 Bounds:IsValid=true, Min=(X=0.000 Y=0.000 Z=400.000), Max=(X=200.000 Y=200.000 Z=600.000) RuntimeGrid:None EditorOnly:0 RuntimeOnly:0 HLODRelevant:0 ListedInSceneOutliner:1 IsMainWorldOnly:0 FolderPath:Lighting FolderGuid:4C9334684BA61B42C769F799D2576455
 |   |   |- [+] [  2]
 |   |   |   |- Guid:1742DF43475F097453197AA79C7473D9 BaseClass: NativeClass:/Script/Engine.SkyLight Name:SkyLight_1 Label:SkyLight SpatiallyLoaded:0 Bounds:IsValid=true, Min=(X=0.000 Y=0.000 Z=690.000), Max=(X=0.000 Y=0.000 Z=690.000) RuntimeGrid:None EditorOnly:0 RuntimeOnly:0 HLODRelevant:0 ListedInSceneOutliner:1 IsMainWorldOnly:0 FolderPath:Lighting FolderGuid:4C9334684BA61B42C769F799D2576455
 |   |   |- [+] [  3]
 |   |   |   |- Guid:1FEC8FAC495CEF0CE32492ADCBB96BAE BaseClass: NativeClass:/Script/AIModule.NavLinkProxy Name:NavLinkProxy_3 Label:NavLinkProxy3 SpatiallyLoaded:1 Bounds:IsValid=true, Min=(X=2240.000 Y=1030.000 Z=90.000), Max=(X=2240.000 Y=1030.000 Z=90.000) RuntimeGrid:None EditorOnly:0 RuntimeOnly:0 HLODRelevant:0 ListedInSceneOutliner:1 IsMainWorldOnly:0 FolderPath:Navigation FolderGuid:AE45D61F453CC144CF8289862C276E89
 |   |   |- [+] [  4]
 |   |   |   |- Guid:2DF0D95440BE0EDA81652F860DC7268E BaseClass: NativeClass:/Script/Engine.WorldDataLayers Name:WorldDataLayers Label:WorldDataLayers SpatiallyLoaded:0 Bounds:IsValid=true, Min=(X=0.000 Y=0.000 Z=0.000), Max=(X=0.000 Y=0.000 Z=0.000) RuntimeGrid:None EditorOnly:0 RuntimeOnly:0 HLODRelevant:0 ListedInSceneOutliner:1 IsMainWorldOnly:1
 |   |   |- [+] [  5]
 |   |   |   |- Guid:3693109043EC8126615A7F921773B524 BaseClass:/Game/Blueprints/Arbre_Buisson.Arbre_Buisson_C NativeClass:/Script/Engine.Actor Name:Arbre_Buisson_C_UAID_2CF05D3BC442ED0002_1253393211 Label:Arbre_Buisson SpatiallyLoaded:1 Bounds:IsValid=true, Min=(X=250.000 Y=-30.000 Z=230.000), Max=(X=250.000 Y=-30.000 Z=230.000) RuntimeGrid:None EditorOnly:0 RuntimeOnly:0 HLODRelevant:0 ListedInSceneOutliner:1 IsMainWorldOnly:0 FolderPath:AUDIO FolderGuid:0CBA6E5A4100BDBE13F6609FEBEB509F
 |   |   |- [+] [  6]
 |   |   |   |- Guid:37F2FAC24C335FA198D5BA97797B051F BaseClass:/Game/Asset_3D/Asset_Terrain/Asset_Terrain_Riviere/FbxScene_River_Low_Poly.FbxScene_River_Low_Poly_C NativeClass:/Script/Engine.Actor Name:FbxScene_River_Low_Poly_C_UAID_D8BBC13EC911C30202_1808510941 Label:FbxScene_River_Low_Poly SpatiallyLoaded:1 Bounds:IsValid=true, Min=(X=-955.519 Y=170.727 Z=31.385), Max=(X=1009.033 Y=653.551 Z=241.304) RuntimeGrid:None EditorOnly:0 RuntimeOnly:0 HLODRelevant:0 ListedInSceneOutliner:1 IsMainWorldOnly:0 FolderPath:Asset_3D FolderGuid:90C29263402A3F894B126890A99E59C6
 |   |   |- [+] [  7]
 |   |   |   |- Guid:6252C7D64ACF162A73EE65B11FE214D1 BaseClass: NativeClass:/Script/Engine.SkyAtmosphere Name:SkyAtmosphere_1 Label:SkyAtmosphere SpatiallyLoaded:0 Bounds:IsValid=true, Min=(X=0.000 Y=0.000 Z=1020.000), Max=(X=0.000 Y=0.000 Z=1020.000) RuntimeGrid:None EditorOnly:0 RuntimeOnly:0 HLODRelevant:0 ListedInSceneOutliner:1 IsMainWorldOnly:0 FolderPath:Lighting FolderGuid:4C9334684BA61B42C769F799D2576455
 |   |   |- [+] [  8]
 |   |   |   |- Guid:66BCBF874D2A22ADC6523B95EE812CA3 BaseClass: NativeClass:/Script/Engine.StaticMeshActor Name:StaticMeshActor_UAID_A4AE111137DC5CFB00_1660657071 Label:SM_SkySphere SpatiallyLoaded:0 Bounds:IsValid=true, Min=(X=-1638400.000 Y=-1638400.000 Z=-1638400.000), Max=(X=1638400.000 Y=1638400.000 Z=1638400.000) RuntimeGrid:None EditorOnly:0 RuntimeOnly:0 HLODRelevant:1 ListedInSceneOutliner:1 IsMainWorldOnly:0 FolderPath:Lighting FolderGuid:4C9334684BA61B42C769F799D2576455
 |   |   |- [+] [  9]
 |   |   |   |- Guid:6AEEC7334D74EEDA5F556280A45AE707 BaseClass:/Game/Asset_3D/Asset_Terrain/Asset_Terrain_Base/FbxScene_Terrain_Low_Poly.FbxScene_Terrain_Low_Poly_C NativeClass:/Script/Engine.Actor Name:FbxScene_Terrain_Low_Poly_C_UAID_D8BBC13EC911C30202_1231756930 Label:FbxScene_Terrain_Low_Poly SpatiallyLoaded:1 Bounds:IsValid=true, Min=(X=-961.999 Y=-979.893 Z=-475.651), Max=(X=1018.652 Y=1033.601 Z=318.975) RuntimeGrid:None EditorOnly:0 RuntimeOnly:0 HLODRelevant:1 ListedInSceneOutliner:1 IsMainWorldOnly:0 FolderPath:Asset_3D FolderGuid:90C29263402A3F894B126890A99E59C6
 |   |   |- [+] [ 10]
 |   |   |   |- Guid:77F893B3468595EE782136AD620D7EF4 BaseClass: NativeClass:/Script/Engine.VolumetricCloud Name:VolumetricCloud_0 Label:VolumetricCloud SpatiallyLoaded:0 Bounds:IsValid=true, Min=(X=0.000 Y=0.000 Z=820.000), Max=(X=0.000 Y=0.000 Z=820.000) RuntimeGrid:None EditorOnly:0 RuntimeOnly:0 HLODRelevant:0 ListedInSceneOutliner:1 IsMainWorldOnly:0 FolderPath:Lighting FolderGuid:4C9334684BA61B42C769F799D2576455
 |   |   |- [+] [ 11]
 |   |   |   |- Guid:97D98BA54C2EB62C393BEFA13839D38A BaseClass:/Game/Asset_3D/Asset_Terrain/Asset_Terrain_Arbres/Asset_Terrain_Arbre_Sapin/FbxScene_Arbres_Sapins_Low_Poly.FbxScene_Arbres_Sapins_Low_Poly_C NativeClass:/Script/Engine.Actor Name:FbxScene_Arbres_Sapins_Low_Poly_C_UAID_D8BBC13EC911C30202_1417497935 Label:FbxScene_Arbres_Sapins_Low_Poly SpatiallyLoaded:1 Bounds:IsValid=true, Min=(X=-1055.474 Y=-1127.784 Z=100.767), Max=(X=1040.375 Y=888.305 Z=740.984) RuntimeGrid:None EditorOnly:0 RuntimeOnly:0 HLODRelevant:1 ListedInSceneOutliner:1 IsMainWorldOnly:0 FolderPath:Asset_3D FolderGuid:90C29263402A3F894B126890A99E59C6
 |   |   |- [+] [ 12]
 |   |   |   |- Guid:AECEEEE741E6DE68F6843FA49564A956 BaseClass: NativeClass:/Script/Engine.DirectionalLight Name:DirectionalLight_1 Label:DirectionalLight SpatiallyLoaded:0 Bounds:IsValid=true, Min=(X=-1048576.000 Y=-1048576.000 Z=-1048576.000), Max=(X=1048576.000 Y=1048576.000 Z=1048576.000) RuntimeGrid:None EditorOnly:0 RuntimeOnly:0 HLODRelevant:0 ListedInSceneOutliner:1 IsMainWorldOnly:0 FolderPath:Lighting FolderGuid:4C9334684BA61B42C769F799D2576455
 |   |   |- [+] [ 13]
 |   |   |   |- Guid:C2083B1149399BBE15E1A08B2CE605B1 BaseClass:/Game/Asset_3D/Asset_Terrain/Asset_Terrain_Pont/FbxScene_Pont_Low_Poly.FbxScene_Pont_Low_Poly_C NativeClass:/Script/Engine.Actor Name:FbxScene_Pont_Low_Poly_C_UAID_D8BBC13EC911C30202_1467761937 Label:FbxScene_Pont_Low_Poly SpatiallyLoaded:1 Bounds:IsValid=true, Min=(X=-361.386 Y=211.708 Z=141.068), Max=(X=22.258 Y=639.236 Z=329.815) RuntimeGrid:None EditorOnly:0 RuntimeOnly:0 HLODRelevant:1 ListedInSceneOutliner:1 IsMainWorldOnly:0 FolderPath:Asset_3D FolderGuid:90C29263402A3F894B126890A99E59C6
 |   |   |- [+] [ 14]
 |   |   |   |- Guid:C922EECD43D6E78E60B7EDA84580F306 BaseClass:/Game/BP_FOod/Food.Food_C NativeClass:/Script/Engine.Actor Name:Food_C_UAID_2CF05D3BC442C40202_2005434103 Label:Food SpatiallyLoaded:1 Bounds:IsValid=true, Min=(X=-157.090 Y=-106.650 Z=263.350), Max=(X=-103.790 Y=-53.350 Z=316.650) RuntimeGrid:None EditorOnly:0 RuntimeOnly:0 HLODRelevant:0 ListedInSceneOutliner:1 IsMainWorldOnly:0 FolderPath:Interactables FolderGuid:B91A80504BCFFB0998758E843BD1CCBC
 |   |   |- [+] [ 15]
 |   |   |   |- Guid:CCDD89584E0A9025F52AEDA51D60CA54 BaseClass: NativeClass:/Script/NavigationSystem.NavMeshBoundsVolume Name:NavMeshBoundsVolume_1 Label:NavMeshBoundsVolume SpatiallyLoaded:0 Bounds:IsValid=true, Min=(X=-100.000 Y=-100.000 Z=-110.000), Max=(X=3100.000 Y=3600.000 Z=390.000) RuntimeGrid:None EditorOnly:0 RuntimeOnly:0 HLODRelevant:0 ListedInSceneOutliner:1 IsMainWorldOnly:0 FolderPath:Navigation FolderGuid:AE45D61F453CC144CF8289862C276E89
 |   |   |- [+] [ 16]
 |   |   |   |- Guid:D24D61B944EF71BE7BC469B7EB239299 BaseClass: NativeClass:/Script/Engine.ExponentialHeightFog Name:ExponentialHeightFog_1 Label:ExponentialHeightFog SpatiallyLoaded:0 Bounds:IsValid=true, Min=(X=-5600.000 Y=-50.000 Z=-6850.000), Max=(X=-5600.000 Y=-50.000 Z=-6850.000) RuntimeGrid:None EditorOnly:0 RuntimeOnly:0 HLODRelevant:0 ListedInSceneOutliner:1 IsMainWorldOnly:0 FolderPath:Lighting FolderGuid:4C9334684BA61B42C769F799D2576455
 |   |   |- [+] [ 17]
 |   |   |   |- Guid:ED702DEB4F4A6D94A5DB4F9C337C2079 BaseClass: NativeClass:/Script/Engine.TextRenderActor Name:TextRenderActor_0 Label:TextRenderActor SpatiallyLoaded:1 Bounds:IsValid=true, Min=(X=-0.100 Y=1100.000 Z=65.013), Max=(X=-0.100 Y=2225.000 Z=215.013) RuntimeGrid:None EditorOnly:0 RuntimeOnly:0 HLODRelevant:0 ListedInSceneOutliner:1 IsMainWorldOnly:0
 |   |   |- [+] [ 18]
 |   |   |   |- Guid:F33CC5014C49925B3A9D52A063AF483F BaseClass: NativeClass:/Script/Engine.PlayerStart Name:PlayerStart_0 Label:PlayerStart SpatiallyLoaded:0 Bounds:IsValid=true, Min=(X=143.000 Y=43.000 Z=221.000), Max=(X=223.000 Y=123.000 Z=405.000) RuntimeGrid:None EditorOnly:0 RuntimeOnly:0 HLODRelevant:0 ListedInSceneOutliner:1 IsMainWorldOnly:0
 |- ContainerInstances:
 |- [+] MainContainer:
 |   |-        ID: 00000000000000000000000000000000
 |   |-  ParentID: 00000000000000000000000000000000
 |   |-    Bounds: IsValid=false, Min=(X=0.000 Y=0.000 Z=0.000), Max=(X=0.000 Y=0.000 Z=0.000)
 |   |- Transform: 0.000000,0.000000,0.000000|0.000000,0.000000,-0.000000|1.000000,1.000000,1.000000
 |   |- Container: /Game/TopDown/Maps/TopDownMap
----------------------------------------------------------------------------------------------------------------
TopDownMap - Persistent Level
----------------------------------------------------------------------------------------------------------------
[+] Content of TopDownMap Persistent Level
 |- Always loaded Actor Count: 19 
 |- Actor Path: /Game/TopDown/Maps/TopDownMap.TopDownMap:PersistentLevel.Arbre_Buisson_C_UAID_2CF05D3BC442ED0002_1253393211
 |- Actor Package: /Game/__ExternalActors__/TopDown/Maps/TopDownMap/6/T8/F6RL7B4L3ARZUA4VTL7YBW
 |- Actor Path: /Game/TopDown/Maps/TopDownMap.TopDownMap:PersistentLevel.DirectionalLight_1
 |- Actor Package: /Game/__ExternalActors__/TopDown/Maps/TopDownMap/A/LM/VRK8UAZR3J2TAKS74SHCUD
 |- Actor Path: /Game/TopDown/Maps/TopDownMap.TopDownMap:PersistentLevel.ExponentialHeightFog_1
 |- Actor Package: /Game/__ExternalActors__/TopDown/Maps/TopDownMap/6/BO/BYV4KSLUROOOL33DU1XUWQ
 |- Actor Path: /Game/TopDown/Maps/TopDownMap.TopDownMap:PersistentLevel.FbxScene_Arbres_Ronds_Low_Poly_C_UAID_D8BBC13EC911C30202_1385368932
 |- Actor Package: /Game/__ExternalActors__/TopDown/Maps/TopDownMap/7/TO/7LAKLWJNAPAGS0VW3FXPFL
 |- Actor Path: /Game/TopDown/Maps/TopDownMap.TopDownMap:PersistentLevel.FbxScene_Arbres_Sapins_Low_Poly_C_UAID_D8BBC13EC911C30202_1417497935
 |- Actor Package: /Game/__ExternalActors__/TopDown/Maps/TopDownMap/5/T0/3I2MBH6FALZ7C46BZOKRIV
 |- Actor Path: /Game/TopDown/Maps/TopDownMap.TopDownMap:PersistentLevel.FbxScene_Pont_Low_Poly_C_UAID_D8BBC13EC911C30202_1467761937
 |- Actor Package: /Game/__ExternalActors__/TopDown/Maps/TopDownMap/E/4Y/JYVILMGFSUZ4TFF9U22ICY
 |- Actor Path: /Game/TopDown/Maps/TopDownMap.TopDownMap:PersistentLevel.FbxScene_River_Low_Poly_C_UAID_D8BBC13EC911C30202_1808510941
 |- Actor Package: /Game/__ExternalActors__/TopDown/Maps/TopDownMap/2/D7/0BKGKIYEPH141ER7LTNZZV
 |- Actor Path: /Game/TopDown/Maps/TopDownMap.TopDownMap:PersistentLevel.FbxScene_Terrain_Low_Poly_C_UAID_D8BBC13EC911C30202_1231756930
 |- Actor Package: /Game/__ExternalActors__/TopDown/Maps/TopDownMap/6/XU/BNBO74DCZW8UU28VVT76UX
 |- Actor Path: /Game/TopDown/Maps/TopDownMap.TopDownMap:PersistentLevel.Food_C_UAID_2CF05D3BC442C40202_2005434103
 |- Actor Package: /Game/__ExternalActors__/TopDown/Maps/TopDownMap/4/1S/3LMRK5XW5EF9GMBY5EYF8W
 |- Actor Path: /Game/TopDown/Maps/TopDownMap.TopDownMap:PersistentLevel.NavLinkProxy_3
 |- Actor Package: /Game/__ExternalActors__/TopDown/Maps/TopDownMap/5/UT/JRUWL9PVCAH3XSUMXP4CC1
 |- Actor Path: /Game/TopDown/Maps/TopDownMap.TopDownMap:PersistentLevel.NavMeshBoundsVolume_1
 |- Actor Package: /Game/__ExternalActors__/TopDown/Maps/TopDownMap/0/QS/8AKCSH4RXXQHHQMCR8GO6C
 |- Actor Path: /Game/TopDown/Maps/TopDownMap.TopDownMap:PersistentLevel.PlayerStart_0
 |- Actor Package: /Game/__ExternalActors__/TopDown/Maps/TopDownMap/6/OI/H4CYGWRMJ49ZI6AS2GNGQY
 |- Actor Path: /Game/TopDown/Maps/TopDownMap.TopDownMap:PersistentLevel.PostProcessVolume_1
 |- Actor Package: /Game/__ExternalActors__/TopDown/Maps/TopDownMap/6/VI/ESHAVRHFZFA2JDR9ZAQIOE
 |- Actor Path: /Game/TopDown/Maps/TopDownMap.TopDownMap:PersistentLevel.SkyAtmosphere_1
 |- Actor Package: /Game/__ExternalActors__/TopDown/Maps/TopDownMap/5/YN/TCNGOWDVRBFBJ5YZR7VI7S
 |- Actor Path: /Game/TopDown/Maps/TopDownMap.TopDownMap:PersistentLevel.SkyLight_1
 |- Actor Package: /Game/__ExternalActors__/TopDown/Maps/TopDownMap/E/LR/47NTFRDFK6M7265A1UYTOW
 |- Actor Path: /Game/TopDown/Maps/TopDownMap.TopDownMap:PersistentLevel.StaticMeshActor_UAID_A4AE111137DC5CFB00_1660657071
 |- Actor Package: /Game/__ExternalActors__/TopDown/Maps/TopDownMap/C/MV/UE2U7GTDT7WM2AVP83861S
 |- Actor Path: /Game/TopDown/Maps/TopDownMap.TopDownMap:PersistentLevel.TextRenderActor_0
 |- Actor Package: /Game/__ExternalActors__/TopDown/Maps/TopDownMap/9/FY/45JOQ38QR4K2P62IGCH99F
 |- Actor Path: /Game/TopDown/Maps/TopDownMap.TopDownMap:PersistentLevel.VolumetricCloud_0
 |- Actor Package: /Game/__ExternalActors__/TopDown/Maps/TopDownMap/6/GY/HOVAYB977GD5L9YGZ5S1T6
 |- Actor Path: /Game/TopDown/Maps/TopDownMap.TopDownMap:PersistentLevel.WorldDataLayers
 |- Actor Package: /Game/__ExternalActors__/TopDown/Maps/TopDownMap/A/RN/FHX05LPSBNMAJG3SW97PS7

----------------------------------------------------------------------------------------------------------------
TopDownMap - Runtime Hash Set
----------------------------------------------------------------------------------------------------------------

