[+] Containers:
 |- [+] Container: /Game/TopDown/Maps/TopDownMap
 |   |- [+] ActorDescs:
 |   |   |- Guid:1303C52C4B0249A036D263812D0F1CEC BaseClass:/Game/Asset_3D/Asset_Terrain/Asset_Terrain_Arbres/Asset_Terrain_Arbre_Rond/FbxScene_Arbres_Ronds_Low_Poly.FbxScene_Arbres_Ronds_Low_Poly_C NativeClass:/Script/Engine.Actor Name:FbxScene_Arbres_Ronds_Low_Poly_C_UAID_D8BBC13EC911C30202_1385368932 Label:FbxScene_Arbres_Ronds_Low_Poly SpatiallyLoaded:1 Bounds:IsValid=true, Min=(X=-1077.087 Y=-455.867 Z=206.633), Max=(X=1072.828 Y=1157.979 Z=652.047) RuntimeGrid:None EditorOnly:0 RuntimeOnly:0 HLODRelevant:1 ListedInSceneOutliner:1 IsMainWorldOnly:0 FolderPath:Asset_3D FolderGuid:90C29263402A3F894B126890A99E59C6
 |   |   |- Guid:147C8D134B12D635012D5F8C57D2C96F BaseClass: NativeClass:/Script/Engine.PostProcessVolume Name:PostProcessVolume_1 Label:PostProcessVolume SpatiallyLoaded:0 Bounds:IsValid=true, Min=(X=0.000 Y=0.000 Z=873.000), Max=(X=200.000 Y=200.000 Z=1073.000) RuntimeGrid:None EditorOnly:0 RuntimeOnly:0 HLODRelevant:0 ListedInSceneOutliner:1 IsMainWorldOnly:0 FolderPath:Lighting FolderGuid:4C9334684BA61B42C769F799D2576455
 |   |   |- Guid:1742DF43475F097453197AA79C7473D9 BaseClass: NativeClass:/Script/Engine.SkyLight Name:SkyLight_1 Label:SkyLight SpatiallyLoaded:0 Bounds:IsValid=true, Min=(X=0.000 Y=0.000 Z=690.000), Max=(X=0.000 Y=0.000 Z=690.000) RuntimeGrid:None EditorOnly:0 RuntimeOnly:0 HLODRelevant:0 ListedInSceneOutliner:1 IsMainWorldOnly:0 FolderPath:Lighting FolderGuid:4C9334684BA61B42C769F799D2576455
 |   |   |- Guid:1EFEBD84403B449203E307A737F8081F BaseClass: NativeClass:/Script/NavigationSystem.NavMeshBoundsVolume Name:NavMeshBoundsVolume_UAID_2CF05D3BC442831202_1605293566 Label:NavMeshBoundsVolume SpatiallyLoaded:0 Bounds:IsValid=true, Min=(X=-949.750 Y=-887.250 Z=232.000), Max=(X=967.750 Y=207.250 Z=262.000) RuntimeGrid:None EditorOnly:0 RuntimeOnly:0 HLODRelevant:0 ListedInSceneOutliner:1 IsMainWorldOnly:0 FolderPath:Movement FolderGuid:A5076328440C92051B63059BA0B31416
 |   |   |- Guid:2DF0D95440BE0EDA81652F860DC7268E BaseClass: NativeClass:/Script/Engine.WorldDataLayers Name:WorldDataLayers Label:WorldDataLayers SpatiallyLoaded:0 Bounds:IsValid=true, Min=(X=0.000 Y=0.000 Z=0.000), Max=(X=0.000 Y=0.000 Z=0.000) RuntimeGrid:None EditorOnly:0 RuntimeOnly:0 HLODRelevant:0 ListedInSceneOutliner:1 IsMainWorldOnly:1
 |   |   |- Guid:3693109043EC8126615A7F921773B524 BaseClass:/Game/Blueprints/Arbre_Buisson.Arbre_Buisson_C NativeClass:/Script/Engine.Actor Name:Arbre_Buisson_C_UAID_2CF05D3BC442ED0002_1253393211 Label:Arbre_Buisson SpatiallyLoaded:1 Bounds:IsValid=true, Min=(X=250.000 Y=-30.000 Z=230.000), Max=(X=250.000 Y=-30.000 Z=230.000) RuntimeGrid:None EditorOnly:0 RuntimeOnly:0 HLODRelevant:0 ListedInSceneOutliner:1 IsMainWorldOnly:0 FolderPath:AUDIO FolderGuid:0CBA6E5A4100BDBE13F6609FEBEB509F
 |   |   |- Guid:6252C7D64ACF162A73EE65B11FE214D1 BaseClass: NativeClass:/Script/Engine.SkyAtmosphere Name:SkyAtmosphere_1 Label:SkyAtmosphere SpatiallyLoaded:0 Bounds:IsValid=true, Min=(X=0.000 Y=0.000 Z=1020.000), Max=(X=0.000 Y=0.000 Z=1020.000) RuntimeGrid:None EditorOnly:0 RuntimeOnly:0 HLODRelevant:0 ListedInSceneOutliner:1 IsMainWorldOnly:0 FolderPath:Lighting FolderGuid:4C9334684BA61B42C769F799D2576455
 |   |   |- Guid:66BCBF874D2A22ADC6523B95EE812CA3 BaseClass: NativeClass:/Script/Engine.StaticMeshActor Name:StaticMeshActor_UAID_A4AE111137DC5CFB00_1660657071 Label:SM_SkySphere SpatiallyLoaded:0 Bounds:IsValid=true, Min=(X=-1638400.000 Y=-1638400.000 Z=-1637530.000), Max=(X=1638400.000 Y=1638400.000 Z=1639270.000) RuntimeGrid:None EditorOnly:0 RuntimeOnly:0 HLODRelevant:0 ListedInSceneOutliner:1 IsMainWorldOnly:0 FolderPath:Lighting FolderGuid:4C9334684BA61B42C769F799D2576455
 |   |   |- Guid:6AEEC7334D74EEDA5F556280A45AE707 BaseClass:/Game/Asset_3D/Asset_Terrain/Asset_Terrain_Base/FbxScene_Terrain_Low_Poly.FbxScene_Terrain_Low_Poly_C NativeClass:/Script/Engine.Actor Name:FbxScene_Terrain_Low_Poly_C_UAID_D8BBC13EC911C30202_1231756930 Label:FbxScene_Terrain_Low_Poly SpatiallyLoaded:1 Bounds:IsValid=true, Min=(X=-961.999 Y=-979.893 Z=-475.651), Max=(X=1018.652 Y=1033.601 Z=318.975) RuntimeGrid:None EditorOnly:0 RuntimeOnly:0 HLODRelevant:1 ListedInSceneOutliner:1 IsMainWorldOnly:0 FolderPath:Asset_3D FolderGuid:90C29263402A3F894B126890A99E59C6
 |   |   |- Guid:77F893B3468595EE782136AD620D7EF4 BaseClass: NativeClass:/Script/Engine.VolumetricCloud Name:VolumetricCloud_0 Label:VolumetricCloud SpatiallyLoaded:0 Bounds:IsValid=true, Min=(X=0.000 Y=0.000 Z=820.000), Max=(X=0.000 Y=0.000 Z=820.000) RuntimeGrid:None EditorOnly:0 RuntimeOnly:0 HLODRelevant:0 ListedInSceneOutliner:1 IsMainWorldOnly:0 FolderPath:Lighting FolderGuid:4C9334684BA61B42C769F799D2576455
 |   |   |- Guid:97D98BA54C2EB62C393BEFA13839D38A BaseClass:/Game/Asset_3D/Asset_Terrain/Asset_Terrain_Arbres/Asset_Terrain_Arbre_Sapin/FbxScene_Arbres_Sapins_Low_Poly.FbxScene_Arbres_Sapins_Low_Poly_C NativeClass:/Script/Engine.Actor Name:FbxScene_Arbres_Sapins_Low_Poly_C_UAID_D8BBC13EC911C30202_1417497935 Label:FbxScene_Arbres_Sapins_Low_Poly SpatiallyLoaded:1 Bounds:IsValid=true, Min=(X=-1055.474 Y=-1127.784 Z=100.767), Max=(X=1040.375 Y=888.305 Z=740.984) RuntimeGrid:None EditorOnly:0 RuntimeOnly:0 HLODRelevant:1 ListedInSceneOutliner:1 IsMainWorldOnly:0 FolderPath:Asset_3D FolderGuid:90C29263402A3F894B126890A99E59C6
 |   |   |- Guid:AECEEEE741E6DE68F6843FA49564A956 BaseClass: NativeClass:/Script/Engine.DirectionalLight Name:DirectionalLight_1 Label:DirectionalLight SpatiallyLoaded:0 Bounds:IsValid=true, Min=(X=-1048576.000 Y=-1048576.000 Z=-1048576.000), Max=(X=1048576.000 Y=1048576.000 Z=1048576.000) RuntimeGrid:None EditorOnly:0 RuntimeOnly:0 HLODRelevant:0 ListedInSceneOutliner:1 IsMainWorldOnly:0 FolderPath:Lighting FolderGuid:4C9334684BA61B42C769F799D2576455
 |   |   |- Guid:BC7C94464947A3D2432F709070BCD9C1 BaseClass: NativeClass:/Script/Engine.StaticMeshActor Name:StaticMeshActor_UAID_2CF05D3BC442B61202_1882224535 Label:Plane SpatiallyLoaded:1 Bounds:IsValid=true, Min=(X=-1017.000 Y=1000.000 Z=229.125), Max=(X=1099.000 Y=1000.000 Z=504.875) RuntimeGrid:None EditorOnly:0 RuntimeOnly:0 HLODRelevant:1 ListedInSceneOutliner:1 IsMainWorldOnly:0 FolderPath:Playground FolderGuid:9FE5E8B349AF71F05F2688921F3F2AC5
 |   |   |- Guid:C2083B1149399BBE15E1A08B2CE605B1 BaseClass:/Game/Asset_3D/Asset_Terrain/Asset_Terrain_Pont/FbxScene_Pont_Low_Poly.FbxScene_Pont_Low_Poly_C NativeClass:/Script/Engine.Actor Name:FbxScene_Pont_Low_Poly_C_UAID_D8BBC13EC911C30202_1467761937 Label:FbxScene_Pont_Low_Poly SpatiallyLoaded:1 Bounds:IsValid=true, Min=(X=-361.386 Y=211.708 Z=141.068), Max=(X=22.258 Y=639.236 Z=329.815) RuntimeGrid:None EditorOnly:0 RuntimeOnly:0 HLODRelevant:1 ListedInSceneOutliner:1 IsMainWorldOnly:0 FolderPath:Asset_3D FolderGuid:90C29263402A3F894B126890A99E59C6
 |   |   |- Guid:D24D61B944EF71BE7BC469B7EB239299 BaseClass: NativeClass:/Script/Engine.ExponentialHeightFog Name:ExponentialHeightFog_1 Label:ExponentialHeightFog SpatiallyLoaded:0 Bounds:IsValid=true, Min=(X=-5600.000 Y=-50.000 Z=-6850.000), Max=(X=-5600.000 Y=-50.000 Z=-6850.000) RuntimeGrid:None EditorOnly:0 RuntimeOnly:0 HLODRelevant:0 ListedInSceneOutliner:1 IsMainWorldOnly:0 FolderPath:Lighting FolderGuid:4C9334684BA61B42C769F799D2576455
 |   |   |- Guid:D3C63C8A40031C6CBBE650B89234304E BaseClass:/Game/Asset_3D/Asset_Terrain/Asset_Terrain_Riviere/FbxScene_River_Low_Poly.FbxScene_River_Low_Poly_C NativeClass:/Script/Engine.Actor Name:FbxScene_River_Low_Poly_C_UAID_D8BBC13EC911D10202_1151038398 Label:FbxScene_River_Low_Poly SpatiallyLoaded:1 Bounds:IsValid=true, Min=(X=-955.519 Y=170.727 Z=31.385), Max=(X=1009.032 Y=653.551 Z=241.304) RuntimeGrid:None EditorOnly:0 RuntimeOnly:0 HLODRelevant:1 ListedInSceneOutliner:1 IsMainWorldOnly:0 FolderPath:Asset_3D FolderGuid:90C29263402A3F894B126890A99E59C6
 |   |   |- Guid:EB553D274C182B100AC00C8D39D1DCF9 BaseClass:/Game/Asset_3D/Asset_Terrain/Asset_Coffre/FbxScene_Coffre_Low_Poly.FbxScene_Coffre_Low_Poly_C NativeClass:/Script/Engine.Actor Name:FbxScene_Coffre_Low_Poly_C_UAID_D8BBC13EC911C80202_1762936808 Label:FbxScene_Coffre_Low_Poly SpatiallyLoaded:1 Bounds:IsValid=true, Min=(X=356.875 Y=-851.125 Z=130.875), Max=(X=653.125 Y=-554.875 Z=427.125) RuntimeGrid:None EditorOnly:0 RuntimeOnly:0 HLODRelevant:0 ListedInSceneOutliner:1 IsMainWorldOnly:0 FolderPath:Asset_3D FolderGuid:90C29263402A3F894B126890A99E59C6
 |   |   |- Guid:F33CC5014C49925B3A9D52A063AF483F BaseClass: NativeClass:/Script/Engine.PlayerStart Name:PlayerStart_0 Label:PlayerStart SpatiallyLoaded:0 Bounds:IsValid=true, Min=(X=143.000 Y=43.000 Z=221.000), Max=(X=223.000 Y=123.000 Z=405.000) RuntimeGrid:None EditorOnly:0 RuntimeOnly:0 HLODRelevant:0 ListedInSceneOutliner:1 IsMainWorldOnly:0
 |   |- [+] Clusters:
 |   |   |- [+] [  0]
 |   |   |   |- Guid:1303C52C4B0249A036D263812D0F1CEC BaseClass:/Game/Asset_3D/Asset_Terrain/Asset_Terrain_Arbres/Asset_Terrain_Arbre_Rond/FbxScene_Arbres_Ronds_Low_Poly.FbxScene_Arbres_Ronds_Low_Poly_C NativeClass:/Script/Engine.Actor Name:FbxScene_Arbres_Ronds_Low_Poly_C_UAID_D8BBC13EC911C30202_1385368932 Label:FbxScene_Arbres_Ronds_Low_Poly SpatiallyLoaded:1 Bounds:IsValid=true, Min=(X=-1077.087 Y=-455.867 Z=206.633), Max=(X=1072.828 Y=1157.979 Z=652.047) RuntimeGrid:None EditorOnly:0 RuntimeOnly:0 HLODRelevant:1 ListedInSceneOutliner:1 IsMainWorldOnly:0 FolderPath:Asset_3D FolderGuid:90C29263402A3F894B126890A99E59C6
 |   |   |- [+] [  1]
 |   |   |   |- Guid:147C8D134B12D635012D5F8C57D2C96F BaseClass: NativeClass:/Script/Engine.PostProcessVolume Name:PostProcessVolume_1 Label:PostProcessVolume SpatiallyLoaded:0 Bounds:IsValid=true, Min=(X=0.000 Y=0.000 Z=873.000), Max=(X=200.000 Y=200.000 Z=1073.000) RuntimeGrid:None EditorOnly:0 RuntimeOnly:0 HLODRelevant:0 ListedInSceneOutliner:1 IsMainWorldOnly:0 FolderPath:Lighting FolderGuid:4C9334684BA61B42C769F799D2576455
 |   |   |- [+] [  2]
 |   |   |   |- Guid:1742DF43475F097453197AA79C7473D9 BaseClass: NativeClass:/Script/Engine.SkyLight Name:SkyLight_1 Label:SkyLight SpatiallyLoaded:0 Bounds:IsValid=true, Min=(X=0.000 Y=0.000 Z=690.000), Max=(X=0.000 Y=0.000 Z=690.000) RuntimeGrid:None EditorOnly:0 RuntimeOnly:0 HLODRelevant:0 ListedInSceneOutliner:1 IsMainWorldOnly:0 FolderPath:Lighting FolderGuid:4C9334684BA61B42C769F799D2576455
 |   |   |- [+] [  3]
 |   |   |   |- Guid:1EFEBD84403B449203E307A737F8081F BaseClass: NativeClass:/Script/NavigationSystem.NavMeshBoundsVolume Name:NavMeshBoundsVolume_UAID_2CF05D3BC442831202_1605293566 Label:NavMeshBoundsVolume SpatiallyLoaded:0 Bounds:IsValid=true, Min=(X=-949.750 Y=-887.250 Z=232.000), Max=(X=967.750 Y=207.250 Z=262.000) RuntimeGrid:None EditorOnly:0 RuntimeOnly:0 HLODRelevant:0 ListedInSceneOutliner:1 IsMainWorldOnly:0 FolderPath:Movement FolderGuid:A5076328440C92051B63059BA0B31416
 |   |   |- [+] [  4]
 |   |   |   |- Guid:2DF0D95440BE0EDA81652F860DC7268E BaseClass: NativeClass:/Script/Engine.WorldDataLayers Name:WorldDataLayers Label:WorldDataLayers SpatiallyLoaded:0 Bounds:IsValid=true, Min=(X=0.000 Y=0.000 Z=0.000), Max=(X=0.000 Y=0.000 Z=0.000) RuntimeGrid:None EditorOnly:0 RuntimeOnly:0 HLODRelevant:0 ListedInSceneOutliner:1 IsMainWorldOnly:1
 |   |   |- [+] [  5]
 |   |   |   |- Guid:3693109043EC8126615A7F921773B524 BaseClass:/Game/Blueprints/Arbre_Buisson.Arbre_Buisson_C NativeClass:/Script/Engine.Actor Name:Arbre_Buisson_C_UAID_2CF05D3BC442ED0002_1253393211 Label:Arbre_Buisson SpatiallyLoaded:1 Bounds:IsValid=true, Min=(X=250.000 Y=-30.000 Z=230.000), Max=(X=250.000 Y=-30.000 Z=230.000) RuntimeGrid:None EditorOnly:0 RuntimeOnly:0 HLODRelevant:0 ListedInSceneOutliner:1 IsMainWorldOnly:0 FolderPath:AUDIO FolderGuid:0CBA6E5A4100BDBE13F6609FEBEB509F
 |   |   |- [+] [  6]
 |   |   |   |- Guid:6252C7D64ACF162A73EE65B11FE214D1 BaseClass: NativeClass:/Script/Engine.SkyAtmosphere Name:SkyAtmosphere_1 Label:SkyAtmosphere SpatiallyLoaded:0 Bounds:IsValid=true, Min=(X=0.000 Y=0.000 Z=1020.000), Max=(X=0.000 Y=0.000 Z=1020.000) RuntimeGrid:None EditorOnly:0 RuntimeOnly:0 HLODRelevant:0 ListedInSceneOutliner:1 IsMainWorldOnly:0 FolderPath:Lighting FolderGuid:4C9334684BA61B42C769F799D2576455
 |   |   |- [+] [  7]
 |   |   |   |- Guid:66BCBF874D2A22ADC6523B95EE812CA3 BaseClass: NativeClass:/Script/Engine.StaticMeshActor Name:StaticMeshActor_UAID_A4AE111137DC5CFB00_1660657071 Label:SM_SkySphere SpatiallyLoaded:0 Bounds:IsValid=true, Min=(X=-1638400.000 Y=-1638400.000 Z=-1637530.000), Max=(X=1638400.000 Y=1638400.000 Z=1639270.000) RuntimeGrid:None EditorOnly:0 RuntimeOnly:0 HLODRelevant:0 ListedInSceneOutliner:1 IsMainWorldOnly:0 FolderPath:Lighting FolderGuid:4C9334684BA61B42C769F799D2576455
 |   |   |- [+] [  8]
 |   |   |   |- Guid:6AEEC7334D74EEDA5F556280A45AE707 BaseClass:/Game/Asset_3D/Asset_Terrain/Asset_Terrain_Base/FbxScene_Terrain_Low_Poly.FbxScene_Terrain_Low_Poly_C NativeClass:/Script/Engine.Actor Name:FbxScene_Terrain_Low_Poly_C_UAID_D8BBC13EC911C30202_1231756930 Label:FbxScene_Terrain_Low_Poly SpatiallyLoaded:1 Bounds:IsValid=true, Min=(X=-961.999 Y=-979.893 Z=-475.651), Max=(X=1018.652 Y=1033.601 Z=318.975) RuntimeGrid:None EditorOnly:0 RuntimeOnly:0 HLODRelevant:1 ListedInSceneOutliner:1 IsMainWorldOnly:0 FolderPath:Asset_3D FolderGuid:90C29263402A3F894B126890A99E59C6
 |   |   |- [+] [  9]
 |   |   |   |- Guid:77F893B3468595EE782136AD620D7EF4 BaseClass: NativeClass:/Script/Engine.VolumetricCloud Name:VolumetricCloud_0 Label:VolumetricCloud SpatiallyLoaded:0 Bounds:IsValid=true, Min=(X=0.000 Y=0.000 Z=820.000), Max=(X=0.000 Y=0.000 Z=820.000) RuntimeGrid:None EditorOnly:0 RuntimeOnly:0 HLODRelevant:0 ListedInSceneOutliner:1 IsMainWorldOnly:0 FolderPath:Lighting FolderGuid:4C9334684BA61B42C769F799D2576455
 |   |   |- [+] [ 10]
 |   |   |   |- Guid:97D98BA54C2EB62C393BEFA13839D38A BaseClass:/Game/Asset_3D/Asset_Terrain/Asset_Terrain_Arbres/Asset_Terrain_Arbre_Sapin/FbxScene_Arbres_Sapins_Low_Poly.FbxScene_Arbres_Sapins_Low_Poly_C NativeClass:/Script/Engine.Actor Name:FbxScene_Arbres_Sapins_Low_Poly_C_UAID_D8BBC13EC911C30202_1417497935 Label:FbxScene_Arbres_Sapins_Low_Poly SpatiallyLoaded:1 Bounds:IsValid=true, Min=(X=-1055.474 Y=-1127.784 Z=100.767), Max=(X=1040.375 Y=888.305 Z=740.984) RuntimeGrid:None EditorOnly:0 RuntimeOnly:0 HLODRelevant:1 ListedInSceneOutliner:1 IsMainWorldOnly:0 FolderPath:Asset_3D FolderGuid:90C29263402A3F894B126890A99E59C6
 |   |   |- [+] [ 11]
 |   |   |   |- Guid:AECEEEE741E6DE68F6843FA49564A956 BaseClass: NativeClass:/Script/Engine.DirectionalLight Name:DirectionalLight_1 Label:DirectionalLight SpatiallyLoaded:0 Bounds:IsValid=true, Min=(X=-1048576.000 Y=-1048576.000 Z=-1048576.000), Max=(X=1048576.000 Y=1048576.000 Z=1048576.000) RuntimeGrid:None EditorOnly:0 RuntimeOnly:0 HLODRelevant:0 ListedInSceneOutliner:1 IsMainWorldOnly:0 FolderPath:Lighting FolderGuid:4C9334684BA61B42C769F799D2576455
 |   |   |- [+] [ 12]
 |   |   |   |- Guid:BC7C94464947A3D2432F709070BCD9C1 BaseClass: NativeClass:/Script/Engine.StaticMeshActor Name:StaticMeshActor_UAID_2CF05D3BC442B61202_1882224535 Label:Plane SpatiallyLoaded:1 Bounds:IsValid=true, Min=(X=-1017.000 Y=1000.000 Z=229.125), Max=(X=1099.000 Y=1000.000 Z=504.875) RuntimeGrid:None EditorOnly:0 RuntimeOnly:0 HLODRelevant:1 ListedInSceneOutliner:1 IsMainWorldOnly:0 FolderPath:Playground FolderGuid:9FE5E8B349AF71F05F2688921F3F2AC5
 |   |   |- [+] [ 13]
 |   |   |   |- Guid:C2083B1149399BBE15E1A08B2CE605B1 BaseClass:/Game/Asset_3D/Asset_Terrain/Asset_Terrain_Pont/FbxScene_Pont_Low_Poly.FbxScene_Pont_Low_Poly_C NativeClass:/Script/Engine.Actor Name:FbxScene_Pont_Low_Poly_C_UAID_D8BBC13EC911C30202_1467761937 Label:FbxScene_Pont_Low_Poly SpatiallyLoaded:1 Bounds:IsValid=true, Min=(X=-361.386 Y=211.708 Z=141.068), Max=(X=22.258 Y=639.236 Z=329.815) RuntimeGrid:None EditorOnly:0 RuntimeOnly:0 HLODRelevant:1 ListedInSceneOutliner:1 IsMainWorldOnly:0 FolderPath:Asset_3D FolderGuid:90C29263402A3F894B126890A99E59C6
 |   |   |- [+] [ 14]
 |   |   |   |- Guid:D24D61B944EF71BE7BC469B7EB239299 BaseClass: NativeClass:/Script/Engine.ExponentialHeightFog Name:ExponentialHeightFog_1 Label:ExponentialHeightFog SpatiallyLoaded:0 Bounds:IsValid=true, Min=(X=-5600.000 Y=-50.000 Z=-6850.000), Max=(X=-5600.000 Y=-50.000 Z=-6850.000) RuntimeGrid:None EditorOnly:0 RuntimeOnly:0 HLODRelevant:0 ListedInSceneOutliner:1 IsMainWorldOnly:0 FolderPath:Lighting FolderGuid:4C9334684BA61B42C769F799D2576455
 |   |   |- [+] [ 15]
 |   |   |   |- Guid:D3C63C8A40031C6CBBE650B89234304E BaseClass:/Game/Asset_3D/Asset_Terrain/Asset_Terrain_Riviere/FbxScene_River_Low_Poly.FbxScene_River_Low_Poly_C NativeClass:/Script/Engine.Actor Name:FbxScene_River_Low_Poly_C_UAID_D8BBC13EC911D10202_1151038398 Label:FbxScene_River_Low_Poly SpatiallyLoaded:1 Bounds:IsValid=true, Min=(X=-955.519 Y=170.727 Z=31.385), Max=(X=1009.032 Y=653.551 Z=241.304) RuntimeGrid:None EditorOnly:0 RuntimeOnly:0 HLODRelevant:1 ListedInSceneOutliner:1 IsMainWorldOnly:0 FolderPath:Asset_3D FolderGuid:90C29263402A3F894B126890A99E59C6
 |   |   |- [+] [ 16]
 |   |   |   |- Guid:EB553D274C182B100AC00C8D39D1DCF9 BaseClass:/Game/Asset_3D/Asset_Terrain/Asset_Coffre/FbxScene_Coffre_Low_Poly.FbxScene_Coffre_Low_Poly_C NativeClass:/Script/Engine.Actor Name:FbxScene_Coffre_Low_Poly_C_UAID_D8BBC13EC911C80202_1762936808 Label:FbxScene_Coffre_Low_Poly SpatiallyLoaded:1 Bounds:IsValid=true, Min=(X=356.875 Y=-851.125 Z=130.875), Max=(X=653.125 Y=-554.875 Z=427.125) RuntimeGrid:None EditorOnly:0 RuntimeOnly:0 HLODRelevant:0 ListedInSceneOutliner:1 IsMainWorldOnly:0 FolderPath:Asset_3D FolderGuid:90C29263402A3F894B126890A99E59C6
 |   |   |- [+] [ 17]
 |   |   |   |- Guid:F33CC5014C49925B3A9D52A063AF483F BaseClass: NativeClass:/Script/Engine.PlayerStart Name:PlayerStart_0 Label:PlayerStart SpatiallyLoaded:0 Bounds:IsValid=true, Min=(X=143.000 Y=43.000 Z=221.000), Max=(X=223.000 Y=123.000 Z=405.000) RuntimeGrid:None EditorOnly:0 RuntimeOnly:0 HLODRelevant:0 ListedInSceneOutliner:1 IsMainWorldOnly:0
 |- ContainerInstances:
 |- [+] MainContainer:
 |   |-        ID: 00000000000000000000000000000000
 |   |-  ParentID: 00000000000000000000000000000000
 |   |-    Bounds: IsValid=false, Min=(X=0.000 Y=0.000 Z=0.000), Max=(X=0.000 Y=0.000 Z=0.000)
 |   |- Transform: 0.000000,0.000000,0.000000|0.000000,0.000000,-0.000000|1.000000,1.000000,1.000000
 |   |- Container: /Game/TopDown/Maps/TopDownMap
----------------------------------------------------------------------------------------------------------------
TopDownMap - Persistent Level
----------------------------------------------------------------------------------------------------------------
[+] Content of TopDownMap Persistent Level
 |- Always loaded Actor Count: 18 
 |- Actor Path: /Game/TopDown/Maps/TopDownMap.TopDownMap:PersistentLevel.Arbre_Buisson_C_UAID_2CF05D3BC442ED0002_1253393211
 |- Actor Package: /Game/__ExternalActors__/TopDown/Maps/TopDownMap/6/T8/F6RL7B4L3ARZUA4VTL7YBW
 |- Actor Path: /Game/TopDown/Maps/TopDownMap.TopDownMap:PersistentLevel.DirectionalLight_1
 |- Actor Package: /Game/__ExternalActors__/TopDown/Maps/TopDownMap/A/LM/VRK8UAZR3J2TAKS74SHCUD
 |- Actor Path: /Game/TopDown/Maps/TopDownMap.TopDownMap:PersistentLevel.ExponentialHeightFog_1
 |- Actor Package: /Game/__ExternalActors__/TopDown/Maps/TopDownMap/6/BO/BYV4KSLUROOOL33DU1XUWQ
 |- Actor Path: /Game/TopDown/Maps/TopDownMap.TopDownMap:PersistentLevel.FbxScene_Arbres_Ronds_Low_Poly_C_UAID_D8BBC13EC911C30202_1385368932
 |- Actor Package: /Game/__ExternalActors__/TopDown/Maps/TopDownMap/7/TO/7LAKLWJNAPAGS0VW3FXPFL
 |- Actor Path: /Game/TopDown/Maps/TopDownMap.TopDownMap:PersistentLevel.FbxScene_Arbres_Sapins_Low_Poly_C_UAID_D8BBC13EC911C30202_1417497935
 |- Actor Package: /Game/__ExternalActors__/TopDown/Maps/TopDownMap/5/T0/3I2MBH6FALZ7C46BZOKRIV
 |- Actor Path: /Game/TopDown/Maps/TopDownMap.TopDownMap:PersistentLevel.FbxScene_Coffre_Low_Poly_C_UAID_D8BBC13EC911C80202_1762936808
 |- Actor Package: /Game/__ExternalActors__/TopDown/Maps/TopDownMap/8/K6/VCPCEIRLGCLCD1NZHKPHLL
 |- Actor Path: /Game/TopDown/Maps/TopDownMap.TopDownMap:PersistentLevel.FbxScene_Pont_Low_Poly_C_UAID_D8BBC13EC911C30202_1467761937
 |- Actor Package: /Game/__ExternalActors__/TopDown/Maps/TopDownMap/E/4Y/JYVILMGFSUZ4TFF9U22ICY
 |- Actor Path: /Game/TopDown/Maps/TopDownMap.TopDownMap:PersistentLevel.FbxScene_River_Low_Poly_C_UAID_D8BBC13EC911D10202_1151038398
 |- Actor Package: /Game/__ExternalActors__/TopDown/Maps/TopDownMap/C/KV/5XM7Q00YUFMMNLTJRZ99U7
 |- Actor Path: /Game/TopDown/Maps/TopDownMap.TopDownMap:PersistentLevel.FbxScene_Terrain_Low_Poly_C_UAID_D8BBC13EC911C30202_1231756930
 |- Actor Package: /Game/__ExternalActors__/TopDown/Maps/TopDownMap/6/XU/BNBO74DCZW8UU28VVT76UX
 |- Actor Path: /Game/TopDown/Maps/TopDownMap.TopDownMap:PersistentLevel.NavMeshBoundsVolume_UAID_2CF05D3BC442831202_1605293566
 |- Actor Package: /Game/__ExternalActors__/TopDown/Maps/TopDownMap/1/UG/AQ0DY1FLR6NRXGZC60UN40
 |- Actor Path: /Game/TopDown/Maps/TopDownMap.TopDownMap:PersistentLevel.PlayerStart_0
 |- Actor Package: /Game/__ExternalActors__/TopDown/Maps/TopDownMap/6/OI/H4CYGWRMJ49ZI6AS2GNGQY
 |- Actor Path: /Game/TopDown/Maps/TopDownMap.TopDownMap:PersistentLevel.PostProcessVolume_1
 |- Actor Package: /Game/__ExternalActors__/TopDown/Maps/TopDownMap/6/VI/ESHAVRHFZFA2JDR9ZAQIOE
 |- Actor Path: /Game/TopDown/Maps/TopDownMap.TopDownMap:PersistentLevel.SkyAtmosphere_1
 |- Actor Package: /Game/__ExternalActors__/TopDown/Maps/TopDownMap/5/YN/TCNGOWDVRBFBJ5YZR7VI7S
 |- Actor Path: /Game/TopDown/Maps/TopDownMap.TopDownMap:PersistentLevel.SkyLight_1
 |- Actor Package: /Game/__ExternalActors__/TopDown/Maps/TopDownMap/E/LR/47NTFRDFK6M7265A1UYTOW
 |- Actor Path: /Game/TopDown/Maps/TopDownMap.TopDownMap:PersistentLevel.StaticMeshActor_UAID_2CF05D3BC442B61202_1882224535
 |- Actor Package: /Game/__ExternalActors__/TopDown/Maps/TopDownMap/B/7H/R1MH5U1U2BOZ6U2HOO4HXS
 |- Actor Path: /Game/TopDown/Maps/TopDownMap.TopDownMap:PersistentLevel.StaticMeshActor_UAID_A4AE111137DC5CFB00_1660657071
 |- Actor Package: /Game/__ExternalActors__/TopDown/Maps/TopDownMap/C/MV/UE2U7GTDT7WM2AVP83861S
 |- Actor Path: /Game/TopDown/Maps/TopDownMap.TopDownMap:PersistentLevel.VolumetricCloud_0
 |- Actor Package: /Game/__ExternalActors__/TopDown/Maps/TopDownMap/6/GY/HOVAYB977GD5L9YGZ5S1T6
 |- Actor Path: /Game/TopDown/Maps/TopDownMap.TopDownMap:PersistentLevel.WorldDataLayers
 |- Actor Package: /Game/__ExternalActors__/TopDown/Maps/TopDownMap/A/RN/FHX05LPSBNMAJG3SW97PS7

----------------------------------------------------------------------------------------------------------------
TopDownMap - Runtime Hash Set
----------------------------------------------------------------------------------------------------------------

